Using pre-set license
Built from '2022.3/staging' branch; Version is '2022.3.10f1 (ff3792e53c62) revision 16725906'; Using compiler version '192829333'; Build Type 'Release'
OS: 'Windows 11  (10.0.22631) 64bit Core' Language: 'en' Physical Memory: 5996 MB
BatchMode: 1, IsHumanControllingUs: 0, StartBugReporterOnCrash: 0, Is64bit: 1, IsPro: 1

COMMAND LINE ARGUMENTS:
C:\Program Files\Unity 2022.3.10f1\Editor\Unity.exe
-adb2
-batchMode
-noUpm
-name
AssetImportWorker24
-projectPath
C:/Users/delad/OneDrive/ballbugs/BallBugs Alpha Ver1.0.1
-logFile
Logs/AssetImportWorker24.log
-srvPort
55605
Successfully changed project path to: C:/Users/delad/OneDrive/ballbugs/BallBugs Alpha Ver1.0.1
C:/Users/delad/OneDrive/ballbugs/BallBugs Alpha Ver1.0.1
[UnityMemory] Configuration Parameters - Can be set up in boot.config
    "memorysetup-bucket-allocator-granularity=16"
    "memorysetup-bucket-allocator-bucket-count=8"
    "memorysetup-bucket-allocator-block-size=33554432"
    "memorysetup-bucket-allocator-block-count=8"
    "memorysetup-main-allocator-block-size=16777216"
    "memorysetup-thread-allocator-block-size=16777216"
    "memorysetup-gfx-main-allocator-block-size=16777216"
    "memorysetup-gfx-thread-allocator-block-size=16777216"
    "memorysetup-cache-allocator-block-size=4194304"
    "memorysetup-typetree-allocator-block-size=2097152"
    "memorysetup-profiler-bucket-allocator-granularity=16"
    "memorysetup-profiler-bucket-allocator-bucket-count=8"
    "memorysetup-profiler-bucket-allocator-block-size=33554432"
    "memorysetup-profiler-bucket-allocator-block-count=8"
    "memorysetup-profiler-allocator-block-size=16777216"
    "memorysetup-profiler-editor-allocator-block-size=1048576"
    "memorysetup-temp-allocator-size-main=16777216"
    "memorysetup-job-temp-allocator-block-size=2097152"
    "memorysetup-job-temp-allocator-block-size-background=1048576"
    "memorysetup-job-temp-allocator-reduction-small-platforms=262144"
    "memorysetup-allocator-temp-initial-block-size-main=262144"
    "memorysetup-allocator-temp-initial-block-size-worker=262144"
    "memorysetup-temp-allocator-size-background-worker=32768"
    "memorysetup-temp-allocator-size-job-worker=262144"
    "memorysetup-temp-allocator-size-preload-manager=33554432"
    "memorysetup-temp-allocator-size-nav-mesh-worker=65536"
    "memorysetup-temp-allocator-size-audio-worker=65536"
    "memorysetup-temp-allocator-size-cloud-worker=32768"
    "memorysetup-temp-allocator-size-gi-baking-worker=262144"
    "memorysetup-temp-allocator-size-gfx=262144"
Player connection [38976] Host "[IP] 192.168.1.115 [Port] 0 [Flags] 2 [Guid] 3544646566 [EditorId] 3544646566 [Version] 1048832 [Id] WindowsEditor(7,deladom26) [Debug] 1 [PackageName] WindowsEditor [ProjectName] Editor" joined multi-casting on [225.0.0.222:54997]...

Player connection [38976] Host "[IP] 192.168.1.115 [Port] 0 [Flags] 2 [Guid] 3544646566 [EditorId] 3544646566 [Version] 1048832 [Id] WindowsEditor(7,deladom26) [Debug] 1 [PackageName] WindowsEditor [ProjectName] Editor" joined alternative multi-casting on [225.0.0.222:34997]...

[Physics::Module] Initialized MultithreadedJobDispatcher with 15 workers.
Refreshing native plugins compatible for Editor in 2359.70 ms, found 4 plugins.
Preloading 0 native plugins for Editor in 0.00 ms.
Initialize engine version: 2022.3.10f1 (ff3792e53c62)
[Subsystems] Discovering subsystems at path C:/Program Files/Unity 2022.3.10f1/Editor/Data/Resources/UnitySubsystems
[Subsystems] Discovering subsystems at path C:/Users/delad/OneDrive/ballbugs/BallBugs Alpha Ver1.0.1/Assets
GfxDevice: creating device client; threaded=0; jobified=0
Direct3D:
    Version:  Direct3D 11.0 [level 11.1]
    Renderer: NVIDIA GeForce RTX 3050 Ti Laptop GPU (ID=0x25e0)
    Vendor:   NVIDIA
    VRAM:     3977 MB
    Driver:   31.0.15.4630
Initialize mono
Mono path[0] = 'C:/Program Files/Unity 2022.3.10f1/Editor/Data/Managed'
Mono path[1] = 'C:/Program Files/Unity 2022.3.10f1/Editor/Data/MonoBleedingEdge/lib/mono/unityjit-win32'
Mono config path = 'C:/Program Files/Unity 2022.3.10f1/Editor/Data/MonoBleedingEdge/etc'
Using monoOptions --debugger-agent=transport=dt_socket,embedding=1,server=y,suspend=n,address=127.0.0.1:56412
Begin MonoManager ReloadAssembly
Registering precompiled unity dll's ...
Register platform support module: C:/Program Files/Unity 2022.3.10f1/Editor/Data/PlaybackEngines/iOSSupport/UnityEditor.iOS.Extensions.dll
Register platform support module: C:/Program Files/Unity 2022.3.10f1/Editor/Data/PlaybackEngines/WindowsStandaloneSupport/UnityEditor.WindowsStandalone.Extensions.dll
Registered in 0.012411 seconds.
- Loaded All Assemblies, in  5.041 seconds
Native extension for WindowsStandalone target not found
[usbmuxd] Start listen thread
[usbmuxd] Listen thread started
[usbmuxd] Send listen message
Native extension for iOS target not found
Mono: successfully reloaded assembly
- Finished resetting the current domain, in  0.320 seconds
Domain Reload Profiling: 5358ms
	BeginReloadAssembly (3271ms)
		ExecutionOrderSort (0ms)
		DisableScriptedObjects (0ms)
		BackupInstance (0ms)
		ReleaseScriptingObjects (0ms)
		CreateAndSetChildDomain (2ms)
	RebuildCommonClasses (573ms)
	RebuildNativeTypeToScriptingClass (10ms)
	initialDomainReloadingComplete (70ms)
	LoadAllAssembliesAndSetupDomain (1114ms)
		LoadAssemblies (3268ms)
		RebuildTransferFunctionScriptingTraits (0ms)
		AnalyzeDomain (1109ms)
			TypeCache.Refresh (1107ms)
				TypeCache.ScanAssembly (726ms)
			ScanForSourceGeneratedMonoScriptInfo (0ms)
			ResolveRequiredComponents (1ms)
	FinalizeReload (321ms)
		ReleaseScriptCaches (0ms)
		RebuildScriptCaches (0ms)
		SetupLoadedEditorAssemblies (266ms)
			LogAssemblyErrors (0ms)
			InitializePlatformSupportModulesInManaged (85ms)
			SetLoadedEditorAssemblies (6ms)
			RefreshPlugins (0ms)
			BeforeProcessingInitializeOnLoad (3ms)
			ProcessInitializeOnLoadAttributes (119ms)
			ProcessInitializeOnLoadMethodAttributes (53ms)
			AfterProcessingInitializeOnLoad (0ms)
			EditorAssembliesLoaded (0ms)
		ExecutionOrderSort2 (0ms)
		AwakeInstancesAfterBackupRestoration (0ms)
========================================================================
Worker process is ready to serve import requests
Begin MonoManager ReloadAssembly
- Loaded All Assemblies, in  1.655 seconds
Refreshing native plugins compatible for Editor in 22.03 ms, found 4 plugins.
Native extension for WindowsStandalone target not found
Native extension for iOS target not found
Package Manager log level set to [2]
[Package Manager] Server::EnsureServerProcessIsRunning -- launch failed, reason: Unity was launched with the -noUpm command-line argument
[Package Manager] UpmClient::Send -- Unable to send message (not connected to UPM process).
[Package Manager] Cannot connect to Unity Package Manager local server
Mono: successfully reloaded assembly
[Package Manager] Server::EnsureServerProcessIsRunning -- launch failed, reason: Unity was launched with the -noUpm command-line argument
[Package Manager] UpmClient::Send -- Unable to send message (not connected to UPM process).
[Package Manager] Cannot connect to Unity Package Manager local server
[Package Manager] Server::EnsureServerProcessIsRunning -- launch failed, reason: Unity was launched with the -noUpm command-line argument
[Package Manager] UpmClient::Send -- Unable to send message (not connected to UPM process).
[Package Manager] Cannot connect to Unity Package Manager local server
- Finished resetting the current domain, in  0.919 seconds
Domain Reload Profiling: 2568ms
	BeginReloadAssembly (610ms)
		ExecutionOrderSort (0ms)
		DisableScriptedObjects (41ms)
		BackupInstance (0ms)
		ReleaseScriptingObjects (3ms)
		CreateAndSetChildDomain (106ms)
	RebuildCommonClasses (39ms)
	RebuildNativeTypeToScriptingClass (10ms)
	initialDomainReloadingComplete (62ms)
	LoadAllAssembliesAndSetupDomain (928ms)
		LoadAssemblies (907ms)
		RebuildTransferFunctionScriptingTraits (0ms)
		AnalyzeDomain (318ms)
			TypeCache.Refresh (286ms)
				TypeCache.ScanAssembly (202ms)
			ScanForSourceGeneratedMonoScriptInfo (24ms)
			ResolveRequiredComponents (6ms)
	FinalizeReload (920ms)
		ReleaseScriptCaches (0ms)
		RebuildScriptCaches (0ms)
		SetupLoadedEditorAssemblies (726ms)
			LogAssemblyErrors (0ms)
			InitializePlatformSupportModulesInManaged (28ms)
			SetLoadedEditorAssemblies (5ms)
			RefreshPlugins (0ms)
			BeforeProcessingInitializeOnLoad (104ms)
			ProcessInitializeOnLoadAttributes (532ms)
			ProcessInitializeOnLoadMethodAttributes (44ms)
			AfterProcessingInitializeOnLoad (12ms)
			EditorAssembliesLoaded (0ms)
		ExecutionOrderSort2 (0ms)
		AwakeInstancesAfterBackupRestoration (6ms)
Launched and connected shader compiler UnityShaderCompiler.exe after 0.17 seconds
Refreshing native plugins compatible for Editor in 19.16 ms, found 4 plugins.
Preloading 0 native plugins for Editor in 0.00 ms.
Unloading 4922 Unused Serialized files (Serialized files now loaded: 0)
Unloading 97 unused Assets / (115.9 KB). Loaded Objects now: 5371.
Memory consumption went from 159.9 MB to 159.8 MB.
Total: 9.366300 ms (FindLiveObjects: 0.516500 ms CreateObjectMapping: 0.201800 ms MarkObjects: 8.387900 ms  DeleteObjects: 0.258700 ms)

AssetImportParameters requested are different than current active one (requested -> active):
  custom:container-demuxer-ogg: 62fdf1f143b41e24485cea50d1cbac27 -> 
  custom:video-codec-MediaFoundation-h265: 746d11721c4dcdbdad8f713fa42b33f4 -> 
  custom:video-decoder-ogg-theora: a1e56fd34408186e4bbccfd4996cb3dc -> 
  custom:framework-win-MediaFoundation: 216162199b28c13a410421893ffa2e32 -> 
  custom:CustomObjectIndexerAttribute: 756ad292c208cfabdd7b50bc23989ffe -> 
  custom:container-demuxer-webm: 4f35f7cbe854078d1ac9338744f61a02 -> 
  custom:container-muxer-webm: aa71ff27fc2769a1b78a27578f13a17b -> 
  custom:video-decoder-webm-vp8: 9c59270c3fd7afecdb556c50c9e8de78 -> 
  custom:SearchIndexIgnoredProperties: e643bd26f0fe6173181afceb89e7c659 -> 
  custom:AudioImporter_EditorPlatform: d09bf68614088b80899f8185d706f6e7 -> 
  custom:video-encoder-webm-vp8: eb34c28f22e8b96e1ab97ce403110664 -> 
  custom:audio-decoder-ogg-vorbis: bf7c407c2cedff20999df2af8eb42d56 -> 
  custom:audio-encoder-webm-vorbis: bf7c407c2cedff20999df2af8eb42d56 -> 
  custom:scripting/precompiled-assembly-types:Assembly-CSharp: 5422ec6f4c18631eefc38a757ba35638 -> af22d21c9de39ea635c12d4a0478e066
========================================================================
Received Prepare
Begin MonoManager ReloadAssembly
- Loaded All Assemblies, in  0.981 seconds
Refreshing native plugins compatible for Editor in 26.72 ms, found 4 plugins.
Native extension for WindowsStandalone target not found
Native extension for iOS target not found
[Package Manager] Server::EnsureServerProcessIsRunning -- launch failed, reason: Unity was launched with the -noUpm command-line argument
[Package Manager] UpmClient::Send -- Unable to send message (not connected to UPM process).
[Package Manager] Cannot connect to Unity Package Manager local server
Mono: successfully reloaded assembly
[Package Manager] Server::EnsureServerProcessIsRunning -- launch failed, reason: Unity was launched with the -noUpm command-line argument
[Package Manager] UpmClient::Send -- Unable to send message (not connected to UPM process).
[Package Manager] Cannot connect to Unity Package Manager local server
- Finished resetting the current domain, in  2.282 seconds
Domain Reload Profiling: 3255ms
	BeginReloadAssembly (241ms)
		ExecutionOrderSort (0ms)
		DisableScriptedObjects (11ms)
		BackupInstance (0ms)
		ReleaseScriptingObjects (0ms)
		CreateAndSetChildDomain (44ms)
	RebuildCommonClasses (29ms)
	RebuildNativeTypeToScriptingClass (9ms)
	initialDomainReloadingComplete (37ms)
	LoadAllAssembliesAndSetupDomain (657ms)
		LoadAssemblies (774ms)
		RebuildTransferFunctionScriptingTraits (0ms)
		AnalyzeDomain (27ms)
			TypeCache.Refresh (16ms)
				TypeCache.ScanAssembly (0ms)
			ScanForSourceGeneratedMonoScriptInfo (0ms)
			ResolveRequiredComponents (10ms)
	FinalizeReload (2283ms)
		ReleaseScriptCaches (0ms)
		RebuildScriptCaches (0ms)
		SetupLoadedEditorAssemblies (560ms)
			LogAssemblyErrors (0ms)
			InitializePlatformSupportModulesInManaged (38ms)
			SetLoadedEditorAssemblies (7ms)
			RefreshPlugins (0ms)
			BeforeProcessingInitializeOnLoad (101ms)
			ProcessInitializeOnLoadAttributes (366ms)
			ProcessInitializeOnLoadMethodAttributes (37ms)
			AfterProcessingInitializeOnLoad (11ms)
			EditorAssembliesLoaded (1ms)
		ExecutionOrderSort2 (0ms)
		AwakeInstancesAfterBackupRestoration (12ms)
Refreshing native plugins compatible for Editor in 30.05 ms, found 4 plugins.
Preloading 0 native plugins for Editor in 0.00 ms.
Unloading 4896 Unused Serialized files (Serialized files now loaded: 0)
Unloading 52 unused Assets / (114.1 KB). Loaded Objects now: 5388.
Memory consumption went from 153.8 MB to 153.6 MB.
Total: 14.731700 ms (FindLiveObjects: 1.495300 ms CreateObjectMapping: 0.589100 ms MarkObjects: 12.013500 ms  DeleteObjects: 0.629400 ms)

Prepare: number of updated asset objects reloaded= 0
AssetImportParameters requested are different than current active one (requested -> active):
  custom:container-demuxer-ogg: 62fdf1f143b41e24485cea50d1cbac27 -> 
  custom:video-codec-MediaFoundation-h265: 746d11721c4dcdbdad8f713fa42b33f4 -> 
  custom:video-decoder-ogg-theora: a1e56fd34408186e4bbccfd4996cb3dc -> 
  custom:framework-win-MediaFoundation: 216162199b28c13a410421893ffa2e32 -> 
  custom:CustomObjectIndexerAttribute: 756ad292c208cfabdd7b50bc23989ffe -> 
  custom:container-demuxer-webm: 4f35f7cbe854078d1ac9338744f61a02 -> 
  custom:container-muxer-webm: aa71ff27fc2769a1b78a27578f13a17b -> 
  custom:video-decoder-webm-vp8: 9c59270c3fd7afecdb556c50c9e8de78 -> 
  custom:SearchIndexIgnoredProperties: e643bd26f0fe6173181afceb89e7c659 -> 
  custom:AudioImporter_EditorPlatform: d09bf68614088b80899f8185d706f6e7 -> 
  custom:video-encoder-webm-vp8: eb34c28f22e8b96e1ab97ce403110664 -> 
  custom:audio-decoder-ogg-vorbis: bf7c407c2cedff20999df2af8eb42d56 -> 
  custom:audio-encoder-webm-vorbis: bf7c407c2cedff20999df2af8eb42d56 -> 
========================================================================
Received Import Request.
  Time since last request: 369090.548861 seconds.
  path: Assets/Resources/Prefabs/ProjectilePrefabs/Fireball.prefab
  artifactKey: Guid(ffa2861e7ac889c45b1a294abf5888b4) Importer(815301076,1909f56bfc062723c751e8b465ee728b)
Start importing Assets/Resources/Prefabs/ProjectilePrefabs/Fireball.prefab using Guid(ffa2861e7ac889c45b1a294abf5888b4) Importer(815301076,1909f56bfc062723c751e8b465ee728b)  -> (artifact id: 'bd665159db07c2ea7905869d669950ff') in 2.766735 seconds
Number of updated asset objects reloaded before import = 0
Number of asset objects unloaded after import = 80
========================================================================
Received Prepare
Begin MonoManager ReloadAssembly
- Loaded All Assemblies, in  2.762 seconds
Refreshing native plugins compatible for Editor in 27.42 ms, found 4 plugins.
Native extension for WindowsStandalone target not found
Native extension for iOS target not found
[Package Manager] Server::EnsureServerProcessIsRunning -- launch failed, reason: Unity was launched with the -noUpm command-line argument
[Package Manager] UpmClient::Send -- Unable to send message (not connected to UPM process).
[Package Manager] Cannot connect to Unity Package Manager local server
Mono: successfully reloaded assembly
[Package Manager] Server::EnsureServerProcessIsRunning -- launch failed, reason: Unity was launched with the -noUpm command-line argument
[Package Manager] UpmClient::Send -- Unable to send message (not connected to UPM process).
[Package Manager] Cannot connect to Unity Package Manager local server
- Finished resetting the current domain, in  2.426 seconds
Domain Reload Profiling: 5182ms
	BeginReloadAssembly (1074ms)
		ExecutionOrderSort (0ms)
		DisableScriptedObjects (56ms)
		BackupInstance (0ms)
		ReleaseScriptingObjects (1ms)
		CreateAndSetChildDomain (593ms)
	RebuildCommonClasses (37ms)
	RebuildNativeTypeToScriptingClass (11ms)
	initialDomainReloadingComplete (54ms)
	LoadAllAssembliesAndSetupDomain (1579ms)
		LoadAssemblies (1769ms)
		RebuildTransferFunctionScriptingTraits (0ms)
		AnalyzeDomain (134ms)
			TypeCache.Refresh (68ms)
				TypeCache.ScanAssembly (3ms)
			ScanForSourceGeneratedMonoScriptInfo (50ms)
			ResolveRequiredComponents (12ms)
	FinalizeReload (2427ms)
		ReleaseScriptCaches (0ms)
		RebuildScriptCaches (0ms)
		SetupLoadedEditorAssemblies (565ms)
			LogAssemblyErrors (0ms)
			InitializePlatformSupportModulesInManaged (27ms)
			SetLoadedEditorAssemblies (6ms)
			RefreshPlugins (0ms)
			BeforeProcessingInitializeOnLoad (99ms)
			ProcessInitializeOnLoadAttributes (378ms)
			ProcessInitializeOnLoadMethodAttributes (42ms)
			AfterProcessingInitializeOnLoad (11ms)
			EditorAssembliesLoaded (1ms)
		ExecutionOrderSort2 (0ms)
		AwakeInstancesAfterBackupRestoration (12ms)
Refreshing native plugins compatible for Editor in 17.69 ms, found 4 plugins.
Preloading 0 native plugins for Editor in 0.00 ms.
Unloading 4895 Unused Serialized files (Serialized files now loaded: 0)
Unloading 52 unused Assets / (114.3 KB). Loaded Objects now: 5412.
Memory consumption went from 158.0 MB to 157.8 MB.
Total: 7.317200 ms (FindLiveObjects: 0.472900 ms CreateObjectMapping: 0.148200 ms MarkObjects: 6.590100 ms  DeleteObjects: 0.104700 ms)

Prepare: number of updated asset objects reloaded= 0
AssetImportParameters requested are different than current active one (requested -> active):
  custom:container-demuxer-ogg: 62fdf1f143b41e24485cea50d1cbac27 -> 
  custom:video-codec-MediaFoundation-h265: 746d11721c4dcdbdad8f713fa42b33f4 -> 
  custom:video-decoder-ogg-theora: a1e56fd34408186e4bbccfd4996cb3dc -> 
  custom:framework-win-MediaFoundation: 216162199b28c13a410421893ffa2e32 -> 
  custom:CustomObjectIndexerAttribute: 756ad292c208cfabdd7b50bc23989ffe -> 
  custom:container-demuxer-webm: 4f35f7cbe854078d1ac9338744f61a02 -> 
  custom:container-muxer-webm: aa71ff27fc2769a1b78a27578f13a17b -> 
  custom:video-decoder-webm-vp8: 9c59270c3fd7afecdb556c50c9e8de78 -> 
  custom:SearchIndexIgnoredProperties: e643bd26f0fe6173181afceb89e7c659 -> 
  custom:AudioImporter_EditorPlatform: d09bf68614088b80899f8185d706f6e7 -> 
  custom:video-encoder-webm-vp8: eb34c28f22e8b96e1ab97ce403110664 -> 
  custom:audio-decoder-ogg-vorbis: bf7c407c2cedff20999df2af8eb42d56 -> 
  custom:audio-encoder-webm-vorbis: bf7c407c2cedff20999df2af8eb42d56 -> 
========================================================================
Received Prepare
Begin MonoManager ReloadAssembly
- Loaded All Assemblies, in  1.083 seconds
Refreshing native plugins compatible for Editor in 24.52 ms, found 4 plugins.
Native extension for WindowsStandalone target not found
Native extension for iOS target not found
[Package Manager] Server::EnsureServerProcessIsRunning -- launch failed, reason: Unity was launched with the -noUpm command-line argument
[Package Manager] UpmClient::Send -- Unable to send message (not connected to UPM process).
[Package Manager] Cannot connect to Unity Package Manager local server
Mono: successfully reloaded assembly
[Package Manager] Server::EnsureServerProcessIsRunning -- launch failed, reason: Unity was launched with the -noUpm command-line argument
[Package Manager] UpmClient::Send -- Unable to send message (not connected to UPM process).
[Package Manager] Cannot connect to Unity Package Manager local server
- Finished resetting the current domain, in  2.227 seconds
Domain Reload Profiling: 3302ms
	BeginReloadAssembly (239ms)
		ExecutionOrderSort (0ms)
		DisableScriptedObjects (11ms)
		BackupInstance (0ms)
		ReleaseScriptingObjects (0ms)
		CreateAndSetChildDomain (59ms)
	RebuildCommonClasses (30ms)
	RebuildNativeTypeToScriptingClass (9ms)
	initialDomainReloadingComplete (43ms)
	LoadAllAssembliesAndSetupDomain (752ms)
		LoadAssemblies (832ms)
		RebuildTransferFunctionScriptingTraits (0ms)
		AnalyzeDomain (52ms)
			TypeCache.Refresh (27ms)
				TypeCache.ScanAssembly (0ms)
			ScanForSourceGeneratedMonoScriptInfo (1ms)
			ResolveRequiredComponents (23ms)
	FinalizeReload (2229ms)
		ReleaseScriptCaches (0ms)
		RebuildScriptCaches (0ms)
		SetupLoadedEditorAssemblies (614ms)
			LogAssemblyErrors (0ms)
			InitializePlatformSupportModulesInManaged (34ms)
			SetLoadedEditorAssemblies (6ms)
			RefreshPlugins (0ms)
			BeforeProcessingInitializeOnLoad (114ms)
			ProcessInitializeOnLoadAttributes (405ms)
			ProcessInitializeOnLoadMethodAttributes (39ms)
			AfterProcessingInitializeOnLoad (16ms)
			EditorAssembliesLoaded (1ms)
		ExecutionOrderSort2 (0ms)
		AwakeInstancesAfterBackupRestoration (23ms)
Refreshing native plugins compatible for Editor in 28.68 ms, found 4 plugins.
Preloading 0 native plugins for Editor in 0.00 ms.
Unloading 4896 Unused Serialized files (Serialized files now loaded: 0)
Unloading 52 unused Assets / (114.3 KB). Loaded Objects now: 5428.
Memory consumption went from 158.2 MB to 158.1 MB.
Total: 13.673800 ms (FindLiveObjects: 1.061600 ms CreateObjectMapping: 0.841500 ms MarkObjects: 11.395000 ms  DeleteObjects: 0.371300 ms)

Prepare: number of updated asset objects reloaded= 0
AssetImportParameters requested are different than current active one (requested -> active):
  custom:container-demuxer-ogg: 62fdf1f143b41e24485cea50d1cbac27 -> 
  custom:video-codec-MediaFoundation-h265: 746d11721c4dcdbdad8f713fa42b33f4 -> 
  custom:video-decoder-ogg-theora: a1e56fd34408186e4bbccfd4996cb3dc -> 
  custom:framework-win-MediaFoundation: 216162199b28c13a410421893ffa2e32 -> 
  custom:CustomObjectIndexerAttribute: 756ad292c208cfabdd7b50bc23989ffe -> 
  custom:container-demuxer-webm: 4f35f7cbe854078d1ac9338744f61a02 -> 
  custom:container-muxer-webm: aa71ff27fc2769a1b78a27578f13a17b -> 
  custom:video-decoder-webm-vp8: 9c59270c3fd7afecdb556c50c9e8de78 -> 
  custom:SearchIndexIgnoredProperties: e643bd26f0fe6173181afceb89e7c659 -> 
  custom:AudioImporter_EditorPlatform: d09bf68614088b80899f8185d706f6e7 -> 
  custom:video-encoder-webm-vp8: eb34c28f22e8b96e1ab97ce403110664 -> 
  custom:audio-decoder-ogg-vorbis: bf7c407c2cedff20999df2af8eb42d56 -> 
  custom:audio-encoder-webm-vorbis: bf7c407c2cedff20999df2af8eb42d56 -> 
========================================================================
Received Import Request.
  Time since last request: 33.735776 seconds.
  path: Assets/Resources/Prefabs/ProjectilePrefabs/Lightningball.prefab
  artifactKey: Guid(9e49192e27d7dc14d8ed527388d06d84) Importer(815301076,1909f56bfc062723c751e8b465ee728b)
Start importing Assets/Resources/Prefabs/ProjectilePrefabs/Lightningball.prefab using Guid(9e49192e27d7dc14d8ed527388d06d84) Importer(815301076,1909f56bfc062723c751e8b465ee728b)  -> (artifact id: 'e24e274798bcb2cb349db3674b32b7cd') in 0.259559 seconds
Number of updated asset objects reloaded before import = 0
Number of asset objects unloaded after import = 70
========================================================================
Received Import Request.
  Time since last request: 0.000107 seconds.
  path: Assets/Resources/Prefabs/ProjectilePrefabs/GlowExplosion.prefab
  artifactKey: Guid(ee386c81872d7c44580c0671e286ed73) Importer(815301076,1909f56bfc062723c751e8b465ee728b)
Start importing Assets/Resources/Prefabs/ProjectilePrefabs/GlowExplosion.prefab using Guid(ee386c81872d7c44580c0671e286ed73) Importer(815301076,1909f56bfc062723c751e8b465ee728b)  -> (artifact id: 'd489a3e86a2b937e7416acd1258091d3') in 0.060932 seconds
Number of updated asset objects reloaded before import = 0
Number of asset objects unloaded after import = 45
========================================================================
Received Import Request.
  Time since last request: 24143.507871 seconds.
  path: Assets/Resources/Prefabs/ProjectilePrefabs/FireExplosion.prefab
  artifactKey: Guid(eb4ec1e8c6bfc7b4ebb87fbb7b3577a6) Importer(815301076,1909f56bfc062723c751e8b465ee728b)
Start importing Assets/Resources/Prefabs/ProjectilePrefabs/FireExplosion.prefab using Guid(eb4ec1e8c6bfc7b4ebb87fbb7b3577a6) Importer(815301076,1909f56bfc062723c751e8b465ee728b)  -> (artifact id: 'c8265139afefdf6850bbf41eb04574bf') in 1.282287 seconds
Number of updated asset objects reloaded before import = 0
Number of asset objects unloaded after import = 47
========================================================================
Received Import Request.
  Time since last request: 0.001448 seconds.
  path: Assets/Resources/Prefabs/ProjectilePrefabs/LightningExplosion.prefab
  artifactKey: Guid(c94bfa23cee54d5459e74077b8a2d35d) Importer(815301076,1909f56bfc062723c751e8b465ee728b)
Start importing Assets/Resources/Prefabs/ProjectilePrefabs/LightningExplosion.prefab using Guid(c94bfa23cee54d5459e74077b8a2d35d) Importer(815301076,1909f56bfc062723c751e8b465ee728b)  -> (artifact id: 'bc08e5a3af791746cac6203da4023037') in 0.153316 seconds
Number of updated asset objects reloaded before import = 0
Number of asset objects unloaded after import = 45
========================================================================
Received Import Request.
  Time since last request: 0.000049 seconds.
  path: Assets/Resources/Prefabs/ProjectilePrefabs/Glowball.prefab
  artifactKey: Guid(046056cbeae7ed84a90a952c69d8ef24) Importer(815301076,1909f56bfc062723c751e8b465ee728b)
Start importing Assets/Resources/Prefabs/ProjectilePrefabs/Glowball.prefab using Guid(046056cbeae7ed84a90a952c69d8ef24) Importer(815301076,1909f56bfc062723c751e8b465ee728b)  -> (artifact id: '27d080918dea4627a0382e1bc95852c9') in 0.350404 seconds
Number of updated asset objects reloaded before import = 0
Number of asset objects unloaded after import = 82
========================================================================
Received Prepare
Begin MonoManager ReloadAssembly
- Loaded All Assemblies, in  2.897 seconds
Refreshing native plugins compatible for Editor in 26.08 ms, found 4 plugins.
Native extension for WindowsStandalone target not found
Native extension for iOS target not found
[Package Manager] Server::EnsureServerProcessIsRunning -- launch failed, reason: Unity was launched with the -noUpm command-line argument
[Package Manager] UpmClient::Send -- Unable to send message (not connected to UPM process).
[Package Manager] Cannot connect to Unity Package Manager local server
Mono: successfully reloaded assembly
[Package Manager] Server::EnsureServerProcessIsRunning -- launch failed, reason: Unity was launched with the -noUpm command-line argument
[Package Manager] UpmClient::Send -- Unable to send message (not connected to UPM process).
[Package Manager] Cannot connect to Unity Package Manager local server
- Finished resetting the current domain, in  2.302 seconds
Domain Reload Profiling: 5192ms
	BeginReloadAssembly (1512ms)
		ExecutionOrderSort (0ms)
		DisableScriptedObjects (222ms)
		BackupInstance (0ms)
		ReleaseScriptingObjects (4ms)
		CreateAndSetChildDomain (788ms)
	RebuildCommonClasses (33ms)
	RebuildNativeTypeToScriptingClass (10ms)
	initialDomainReloadingComplete (45ms)
	LoadAllAssembliesAndSetupDomain (1289ms)
		LoadAssemblies (1400ms)
		RebuildTransferFunctionScriptingTraits (0ms)
		AnalyzeDomain (154ms)
			TypeCache.Refresh (87ms)
				TypeCache.ScanAssembly (4ms)
			ScanForSourceGeneratedMonoScriptInfo (49ms)
			ResolveRequiredComponents (16ms)
	FinalizeReload (2303ms)
		ReleaseScriptCaches (0ms)
		RebuildScriptCaches (0ms)
		SetupLoadedEditorAssemblies (582ms)
			LogAssemblyErrors (0ms)
			InitializePlatformSupportModulesInManaged (39ms)
			SetLoadedEditorAssemblies (10ms)
			RefreshPlugins (0ms)
			BeforeProcessingInitializeOnLoad (120ms)
			ProcessInitializeOnLoadAttributes (368ms)
			ProcessInitializeOnLoadMethodAttributes (34ms)
			AfterProcessingInitializeOnLoad (11ms)
			EditorAssembliesLoaded (0ms)
		ExecutionOrderSort2 (0ms)
		AwakeInstancesAfterBackupRestoration (11ms)
Refreshing native plugins compatible for Editor in 17.59 ms, found 4 plugins.
Preloading 0 native plugins for Editor in 0.00 ms.
Unloading 4895 Unused Serialized files (Serialized files now loaded: 0)
Unloading 52 unused Assets / (114.2 KB). Loaded Objects now: 5444.
Memory consumption went from 158.0 MB to 157.9 MB.
Total: 10.362600 ms (FindLiveObjects: 0.566100 ms CreateObjectMapping: 0.188600 ms MarkObjects: 9.434100 ms  DeleteObjects: 0.171900 ms)

Prepare: number of updated asset objects reloaded= 0
AssetImportParameters requested are different than current active one (requested -> active):
  custom:container-demuxer-ogg: 62fdf1f143b41e24485cea50d1cbac27 -> 
  custom:video-codec-MediaFoundation-h265: 746d11721c4dcdbdad8f713fa42b33f4 -> 
  custom:video-decoder-ogg-theora: a1e56fd34408186e4bbccfd4996cb3dc -> 
  custom:framework-win-MediaFoundation: 216162199b28c13a410421893ffa2e32 -> 
  custom:CustomObjectIndexerAttribute: 756ad292c208cfabdd7b50bc23989ffe -> 
  custom:container-demuxer-webm: 4f35f7cbe854078d1ac9338744f61a02 -> 
  custom:container-muxer-webm: aa71ff27fc2769a1b78a27578f13a17b -> 
  custom:video-decoder-webm-vp8: 9c59270c3fd7afecdb556c50c9e8de78 -> 
  custom:SearchIndexIgnoredProperties: e643bd26f0fe6173181afceb89e7c659 -> 
  custom:AudioImporter_EditorPlatform: d09bf68614088b80899f8185d706f6e7 -> 
  custom:video-encoder-webm-vp8: eb34c28f22e8b96e1ab97ce403110664 -> 
  custom:audio-decoder-ogg-vorbis: bf7c407c2cedff20999df2af8eb42d56 -> 
  custom:audio-encoder-webm-vorbis: bf7c407c2cedff20999df2af8eb42d56 -> 
========================================================================
Received Prepare
Begin MonoManager ReloadAssembly
- Loaded All Assemblies, in  1.019 seconds
Refreshing native plugins compatible for Editor in 18.26 ms, found 4 plugins.
Native extension for WindowsStandalone target not found
Native extension for iOS target not found
[Package Manager] Server::EnsureServerProcessIsRunning -- launch failed, reason: Unity was launched with the -noUpm command-line argument
[Package Manager] UpmClient::Send -- Unable to send message (not connected to UPM process).
[Package Manager] Cannot connect to Unity Package Manager local server
Mono: successfully reloaded assembly
[Package Manager] Server::EnsureServerProcessIsRunning -- launch failed, reason: Unity was launched with the -noUpm command-line argument
[Package Manager] UpmClient::Send -- Unable to send message (not connected to UPM process).
[Package Manager] Cannot connect to Unity Package Manager local server
- Finished resetting the current domain, in  2.116 seconds
Domain Reload Profiling: 3126ms
	BeginReloadAssembly (274ms)
		ExecutionOrderSort (0ms)
		DisableScriptedObjects (14ms)
		BackupInstance (0ms)
		ReleaseScriptingObjects (1ms)
		CreateAndSetChildDomain (87ms)
	RebuildCommonClasses (37ms)
	RebuildNativeTypeToScriptingClass (10ms)
	initialDomainReloadingComplete (48ms)
	LoadAllAssembliesAndSetupDomain (641ms)
		LoadAssemblies (762ms)
		RebuildTransferFunctionScriptingTraits (0ms)
		AnalyzeDomain (13ms)
			TypeCache.Refresh (7ms)
				TypeCache.ScanAssembly (0ms)
			ScanForSourceGeneratedMonoScriptInfo (0ms)
			ResolveRequiredComponents (6ms)
	FinalizeReload (2117ms)
		ReleaseScriptCaches (0ms)
		RebuildScriptCaches (0ms)
		SetupLoadedEditorAssemblies (628ms)
			LogAssemblyErrors (0ms)
			InitializePlatformSupportModulesInManaged (29ms)
			SetLoadedEditorAssemblies (8ms)
			RefreshPlugins (0ms)
			BeforeProcessingInitializeOnLoad (114ms)
			ProcessInitializeOnLoadAttributes (415ms)
			ProcessInitializeOnLoadMethodAttributes (48ms)
			AfterProcessingInitializeOnLoad (13ms)
			EditorAssembliesLoaded (1ms)
		ExecutionOrderSort2 (0ms)
		AwakeInstancesAfterBackupRestoration (15ms)
Refreshing native plugins compatible for Editor in 31.00 ms, found 4 plugins.
Preloading 0 native plugins for Editor in 0.00 ms.
Unloading 4896 Unused Serialized files (Serialized files now loaded: 0)
Unloading 52 unused Assets / (114.2 KB). Loaded Objects now: 5460.
Memory consumption went from 158.2 MB to 158.1 MB.
Total: 19.410300 ms (FindLiveObjects: 0.765700 ms CreateObjectMapping: 0.539800 ms MarkObjects: 17.828800 ms  DeleteObjects: 0.273200 ms)

Prepare: number of updated asset objects reloaded= 0
AssetImportParameters requested are different than current active one (requested -> active):
  custom:container-demuxer-ogg: 62fdf1f143b41e24485cea50d1cbac27 -> 
  custom:video-codec-MediaFoundation-h265: 746d11721c4dcdbdad8f713fa42b33f4 -> 
  custom:video-decoder-ogg-theora: a1e56fd34408186e4bbccfd4996cb3dc -> 
  custom:framework-win-MediaFoundation: 216162199b28c13a410421893ffa2e32 -> 
  custom:CustomObjectIndexerAttribute: 756ad292c208cfabdd7b50bc23989ffe -> 
  custom:container-demuxer-webm: 4f35f7cbe854078d1ac9338744f61a02 -> 
  custom:container-muxer-webm: aa71ff27fc2769a1b78a27578f13a17b -> 
  custom:video-decoder-webm-vp8: 9c59270c3fd7afecdb556c50c9e8de78 -> 
  custom:SearchIndexIgnoredProperties: e643bd26f0fe6173181afceb89e7c659 -> 
  custom:AudioImporter_EditorPlatform: d09bf68614088b80899f8185d706f6e7 -> 
  custom:video-encoder-webm-vp8: eb34c28f22e8b96e1ab97ce403110664 -> 
  custom:audio-decoder-ogg-vorbis: bf7c407c2cedff20999df2af8eb42d56 -> 
  custom:audio-encoder-webm-vorbis: bf7c407c2cedff20999df2af8eb42d56 -> 
========================================================================
Received Import Request.
  Time since last request: 269.177853 seconds.
  path: Assets/Resources/Prefabs/ProjectilePrefabs/Fireball.prefab
  artifactKey: Guid(ffa2861e7ac889c45b1a294abf5888b4) Importer(815301076,1909f56bfc062723c751e8b465ee728b)
Start importing Assets/Resources/Prefabs/ProjectilePrefabs/Fireball.prefab using Guid(ffa2861e7ac889c45b1a294abf5888b4) Importer(815301076,1909f56bfc062723c751e8b465ee728b)  -> (artifact id: '7e7de45dc8a6791373706c280703716f') in 1.901792 seconds
Number of updated asset objects reloaded before import = 0
Number of asset objects unloaded after import = 80
========================================================================
Received Prepare
Begin MonoManager ReloadAssembly
- Loaded All Assemblies, in  2.309 seconds
Refreshing native plugins compatible for Editor in 17.97 ms, found 4 plugins.
Native extension for WindowsStandalone target not found
Native extension for iOS target not found
[Package Manager] Server::EnsureServerProcessIsRunning -- launch failed, reason: Unity was launched with the -noUpm command-line argument
[Package Manager] UpmClient::Send -- Unable to send message (not connected to UPM process).
[Package Manager] Cannot connect to Unity Package Manager local server
Mono: successfully reloaded assembly
[Package Manager] Server::EnsureServerProcessIsRunning -- launch failed, reason: Unity was launched with the -noUpm command-line argument
[Package Manager] UpmClient::Send -- Unable to send message (not connected to UPM process).
[Package Manager] Cannot connect to Unity Package Manager local server
- Finished resetting the current domain, in  3.906 seconds
Domain Reload Profiling: 6208ms
	BeginReloadAssembly (679ms)
		ExecutionOrderSort (0ms)
		DisableScriptedObjects (43ms)
		BackupInstance (0ms)
		ReleaseScriptingObjects (1ms)
		CreateAndSetChildDomain (337ms)
	RebuildCommonClasses (33ms)
	RebuildNativeTypeToScriptingClass (9ms)
	initialDomainReloadingComplete (42ms)
	LoadAllAssembliesAndSetupDomain (1537ms)
		LoadAssemblies (1737ms)
		RebuildTransferFunctionScriptingTraits (0ms)
		AnalyzeDomain (27ms)
			TypeCache.Refresh (11ms)
				TypeCache.ScanAssembly (0ms)
			ScanForSourceGeneratedMonoScriptInfo (1ms)
			ResolveRequiredComponents (14ms)
	FinalizeReload (3907ms)
		ReleaseScriptCaches (0ms)
		RebuildScriptCaches (0ms)
		SetupLoadedEditorAssemblies (977ms)
			LogAssemblyErrors (0ms)
			InitializePlatformSupportModulesInManaged (51ms)
			SetLoadedEditorAssemblies (15ms)
			RefreshPlugins (0ms)
			BeforeProcessingInitializeOnLoad (170ms)
			ProcessInitializeOnLoadAttributes (667ms)
			ProcessInitializeOnLoadMethodAttributes (61ms)
			AfterProcessingInitializeOnLoad (14ms)
			EditorAssembliesLoaded (1ms)
		ExecutionOrderSort2 (0ms)
		AwakeInstancesAfterBackupRestoration (20ms)
Refreshing native plugins compatible for Editor in 27.78 ms, found 4 plugins.
Preloading 0 native plugins for Editor in 0.00 ms.
Unloading 4895 Unused Serialized files (Serialized files now loaded: 0)
Unloading 52 unused Assets / (114.2 KB). Loaded Objects now: 5476.
Memory consumption went from 158.0 MB to 157.9 MB.
Total: 17.687600 ms (FindLiveObjects: 1.376400 ms CreateObjectMapping: 1.227600 ms MarkObjects: 14.725500 ms  DeleteObjects: 0.353600 ms)

Prepare: number of updated asset objects reloaded= 0
AssetImportParameters requested are different than current active one (requested -> active):
  custom:container-demuxer-ogg: 62fdf1f143b41e24485cea50d1cbac27 -> 
  custom:video-codec-MediaFoundation-h265: 746d11721c4dcdbdad8f713fa42b33f4 -> 
  custom:video-decoder-ogg-theora: a1e56fd34408186e4bbccfd4996cb3dc -> 
  custom:framework-win-MediaFoundation: 216162199b28c13a410421893ffa2e32 -> 
  custom:CustomObjectIndexerAttribute: 756ad292c208cfabdd7b50bc23989ffe -> 
  custom:container-demuxer-webm: 4f35f7cbe854078d1ac9338744f61a02 -> 
  custom:container-muxer-webm: aa71ff27fc2769a1b78a27578f13a17b -> 
  custom:video-decoder-webm-vp8: 9c59270c3fd7afecdb556c50c9e8de78 -> 
  custom:SearchIndexIgnoredProperties: e643bd26f0fe6173181afceb89e7c659 -> 
  custom:AudioImporter_EditorPlatform: d09bf68614088b80899f8185d706f6e7 -> 
  custom:video-encoder-webm-vp8: eb34c28f22e8b96e1ab97ce403110664 -> 
  custom:audio-decoder-ogg-vorbis: bf7c407c2cedff20999df2af8eb42d56 -> 
  custom:audio-encoder-webm-vorbis: bf7c407c2cedff20999df2af8eb42d56 -> 
========================================================================
Received Prepare
Begin MonoManager ReloadAssembly
- Loaded All Assemblies, in  2.493 seconds
Refreshing native plugins compatible for Editor in 25.33 ms, found 4 plugins.
Native extension for WindowsStandalone target not found
Native extension for iOS target not found
[Package Manager] Server::EnsureServerProcessIsRunning -- launch failed, reason: Unity was launched with the -noUpm command-line argument
[Package Manager] UpmClient::Send -- Unable to send message (not connected to UPM process).
[Package Manager] Cannot connect to Unity Package Manager local server
Mono: successfully reloaded assembly
[Package Manager] Server::EnsureServerProcessIsRunning -- launch failed, reason: Unity was launched with the -noUpm command-line argument
[Package Manager] UpmClient::Send -- Unable to send message (not connected to UPM process).
[Package Manager] Cannot connect to Unity Package Manager local server
- Finished resetting the current domain, in  4.245 seconds
Domain Reload Profiling: 6731ms
	BeginReloadAssembly (913ms)
		ExecutionOrderSort (0ms)
		DisableScriptedObjects (76ms)
		BackupInstance (0ms)
		ReleaseScriptingObjects (1ms)
		CreateAndSetChildDomain (406ms)
	RebuildCommonClasses (62ms)
	RebuildNativeTypeToScriptingClass (15ms)
	initialDomainReloadingComplete (64ms)
	LoadAllAssembliesAndSetupDomain (1432ms)
		LoadAssemblies (1710ms)
		RebuildTransferFunctionScriptingTraits (0ms)
		AnalyzeDomain (38ms)
			TypeCache.Refresh (24ms)
				TypeCache.ScanAssembly (0ms)
			ScanForSourceGeneratedMonoScriptInfo (1ms)
			ResolveRequiredComponents (12ms)
	FinalizeReload (4246ms)
		ReleaseScriptCaches (0ms)
		RebuildScriptCaches (0ms)
		SetupLoadedEditorAssemblies (938ms)
			LogAssemblyErrors (0ms)
			InitializePlatformSupportModulesInManaged (47ms)
			SetLoadedEditorAssemblies (15ms)
			RefreshPlugins (0ms)
			BeforeProcessingInitializeOnLoad (178ms)
			ProcessInitializeOnLoadAttributes (623ms)
			ProcessInitializeOnLoadMethodAttributes (59ms)
			AfterProcessingInitializeOnLoad (12ms)
			EditorAssembliesLoaded (3ms)
		ExecutionOrderSort2 (0ms)
		AwakeInstancesAfterBackupRestoration (17ms)
Refreshing native plugins compatible for Editor in 20.04 ms, found 4 plugins.
Preloading 0 native plugins for Editor in 0.00 ms.
Unloading 4896 Unused Serialized files (Serialized files now loaded: 0)
Unloading 52 unused Assets / (114.3 KB). Loaded Objects now: 5492.
Memory consumption went from 158.3 MB to 158.2 MB.
Total: 8.513100 ms (FindLiveObjects: 0.920100 ms CreateObjectMapping: 0.514500 ms MarkObjects: 6.735700 ms  DeleteObjects: 0.341300 ms)

Prepare: number of updated asset objects reloaded= 0
AssetImportParameters requested are different than current active one (requested -> active):
  custom:container-demuxer-ogg: 62fdf1f143b41e24485cea50d1cbac27 -> 
  custom:video-codec-MediaFoundation-h265: 746d11721c4dcdbdad8f713fa42b33f4 -> 
  custom:video-decoder-ogg-theora: a1e56fd34408186e4bbccfd4996cb3dc -> 
  custom:framework-win-MediaFoundation: 216162199b28c13a410421893ffa2e32 -> 
  custom:CustomObjectIndexerAttribute: 756ad292c208cfabdd7b50bc23989ffe -> 
  custom:container-demuxer-webm: 4f35f7cbe854078d1ac9338744f61a02 -> 
  custom:container-muxer-webm: aa71ff27fc2769a1b78a27578f13a17b -> 
  custom:video-decoder-webm-vp8: 9c59270c3fd7afecdb556c50c9e8de78 -> 
  custom:SearchIndexIgnoredProperties: e643bd26f0fe6173181afceb89e7c659 -> 
  custom:AudioImporter_EditorPlatform: d09bf68614088b80899f8185d706f6e7 -> 
  custom:video-encoder-webm-vp8: eb34c28f22e8b96e1ab97ce403110664 -> 
  custom:audio-decoder-ogg-vorbis: bf7c407c2cedff20999df2af8eb42d56 -> 
  custom:audio-encoder-webm-vorbis: bf7c407c2cedff20999df2af8eb42d56 -> 
========================================================================
Received Import Request.
  Time since last request: 658.222372 seconds.
  path: Assets/Resources/Prefabs/BugPrefabs/Firefly.prefab
  artifactKey: Guid(03076820da6758b41bed28411cd33a53) Importer(815301076,1909f56bfc062723c751e8b465ee728b)
Start importing Assets/Resources/Prefabs/BugPrefabs/Firefly.prefab using Guid(03076820da6758b41bed28411cd33a53) Importer(815301076,1909f56bfc062723c751e8b465ee728b)  -> (artifact id: 'b9b6d9fc00690dc3b6b2d8ce5ecd56a6') in 0.386295 seconds
Number of updated asset objects reloaded before import = 0
Number of asset objects unloaded after import = 214
========================================================================
Received Import Request.
  Time since last request: 0.000044 seconds.
  path: Assets/Resources/Prefabs/BugPrefabs/Lightningbug.prefab
  artifactKey: Guid(ec2c3fe4259d1fb4094273d1371792a5) Importer(815301076,1909f56bfc062723c751e8b465ee728b)
Start importing Assets/Resources/Prefabs/BugPrefabs/Lightningbug.prefab using Guid(ec2c3fe4259d1fb4094273d1371792a5) Importer(815301076,1909f56bfc062723c751e8b465ee728b)  -> (artifact id: '06b72737b97fd320b263733c9dc95dcf') in 0.161359 seconds
Number of updated asset objects reloaded before import = 0
Number of asset objects unloaded after import = 204
========================================================================
Received Import Request.
  Time since last request: 158.220283 seconds.
  path: Assets/Resources/Prefabs/BugPrefabs/Firefly.prefab
  artifactKey: Guid(03076820da6758b41bed28411cd33a53) Importer(815301076,1909f56bfc062723c751e8b465ee728b)
Start importing Assets/Resources/Prefabs/BugPrefabs/Firefly.prefab using Guid(03076820da6758b41bed28411cd33a53) Importer(815301076,1909f56bfc062723c751e8b465ee728b)  -> (artifact id: 'a26662a1cd14da02938bf77ccf0043d9') in 0.226911 seconds
Number of updated asset objects reloaded before import = 0
Number of asset objects unloaded after import = 215
========================================================================
Received Import Request.
  Time since last request: 0.033165 seconds.
  path: Assets/Resources/Prefabs/BugPrefabs/Firefly.prefab
  artifactKey: Guid(03076820da6758b41bed28411cd33a53) Importer(815301076,1909f56bfc062723c751e8b465ee728b)
Start importing Assets/Resources/Prefabs/BugPrefabs/Firefly.prefab using Guid(03076820da6758b41bed28411cd33a53) Importer(815301076,1909f56bfc062723c751e8b465ee728b)  -> (artifact id: '1c2b75991d944a77baa9b59acda203d9') in 0.062915 seconds
Number of updated asset objects reloaded before import = 0
Number of asset objects unloaded after import = 215
========================================================================
Received Import Request.
  Time since last request: 3.389822 seconds.
  path: Assets/Resources/Prefabs/BugPrefabs/Firefly.prefab
  artifactKey: Guid(03076820da6758b41bed28411cd33a53) Importer(815301076,1909f56bfc062723c751e8b465ee728b)
Start importing Assets/Resources/Prefabs/BugPrefabs/Firefly.prefab using Guid(03076820da6758b41bed28411cd33a53) Importer(815301076,1909f56bfc062723c751e8b465ee728b)  -> (artifact id: '600627ba8d72233786cef4d7d171c1c5') in 0.061505 seconds
Number of updated asset objects reloaded before import = 0
Number of asset objects unloaded after import = 215
========================================================================
Received Import Request.
  Time since last request: 8.187651 seconds.
  path: Assets/Resources/Prefabs/BugPrefabs/Firefly.prefab
  artifactKey: Guid(03076820da6758b41bed28411cd33a53) Importer(815301076,1909f56bfc062723c751e8b465ee728b)
Start importing Assets/Resources/Prefabs/BugPrefabs/Firefly.prefab using Guid(03076820da6758b41bed28411cd33a53) Importer(815301076,1909f56bfc062723c751e8b465ee728b)  -> (artifact id: 'b88b2c1df79f7fb42ad2fe4b9cf32d56') in 0.078851 seconds
Number of updated asset objects reloaded before import = 0
Number of asset objects unloaded after import = 215
========================================================================
Received Import Request.
  Time since last request: 10.107932 seconds.
  path: Assets/Resources/Prefabs/BugPrefabs/Firefly.prefab
  artifactKey: Guid(03076820da6758b41bed28411cd33a53) Importer(815301076,1909f56bfc062723c751e8b465ee728b)
Start importing Assets/Resources/Prefabs/BugPrefabs/Firefly.prefab using Guid(03076820da6758b41bed28411cd33a53) Importer(815301076,1909f56bfc062723c751e8b465ee728b)  -> (artifact id: 'b0e25b575870945bc43b1c1d8153db12') in 0.059628 seconds
Number of updated asset objects reloaded before import = 0
Number of asset objects unloaded after import = 215
========================================================================
Received Import Request.
  Time since last request: 3.552542 seconds.
  path: Assets/Resources/Prefabs/BugPrefabs/Firefly.prefab
  artifactKey: Guid(03076820da6758b41bed28411cd33a53) Importer(815301076,1909f56bfc062723c751e8b465ee728b)
Start importing Assets/Resources/Prefabs/BugPrefabs/Firefly.prefab using Guid(03076820da6758b41bed28411cd33a53) Importer(815301076,1909f56bfc062723c751e8b465ee728b)  -> (artifact id: 'f2b03a52a25efebe5613a71a33679aa3') in 0.062823 seconds
Number of updated asset objects reloaded before import = 0
Number of asset objects unloaded after import = 215
========================================================================
Received Import Request.
  Time since last request: 0.937173 seconds.
  path: Assets/Resources/Prefabs/BugPrefabs/Firefly.prefab
  artifactKey: Guid(03076820da6758b41bed28411cd33a53) Importer(815301076,1909f56bfc062723c751e8b465ee728b)
Start importing Assets/Resources/Prefabs/BugPrefabs/Firefly.prefab using Guid(03076820da6758b41bed28411cd33a53) Importer(815301076,1909f56bfc062723c751e8b465ee728b)  -> (artifact id: 'd8743df6e820d3ac46b300caa920092f') in 0.060666 seconds
Number of updated asset objects reloaded before import = 0
Number of asset objects unloaded after import = 215
========================================================================
Received Import Request.
  Time since last request: 4.547805 seconds.
  path: Assets/Resources/Prefabs/BugPrefabs/Firefly.prefab
  artifactKey: Guid(03076820da6758b41bed28411cd33a53) Importer(815301076,1909f56bfc062723c751e8b465ee728b)
Start importing Assets/Resources/Prefabs/BugPrefabs/Firefly.prefab using Guid(03076820da6758b41bed28411cd33a53) Importer(815301076,1909f56bfc062723c751e8b465ee728b)  -> (artifact id: '957e34a5fe5c15b85bff993d2a83218f') in 0.064324 seconds
Number of updated asset objects reloaded before import = 0
Number of asset objects unloaded after import = 215
========================================================================
Received Import Request.
  Time since last request: 20.037531 seconds.
  path: Assets/Resources/Prefabs/BugPrefabs/Glowworm.prefab
  artifactKey: Guid(d9d96fd762c0e5d498542a2248f7a433) Importer(815301076,1909f56bfc062723c751e8b465ee728b)
Start importing Assets/Resources/Prefabs/BugPrefabs/Glowworm.prefab using Guid(d9d96fd762c0e5d498542a2248f7a433) Importer(815301076,1909f56bfc062723c751e8b465ee728b)  -> (artifact id: 'f526633f476de4d8b8d09bce624234b3') in 0.098108 seconds
Number of updated asset objects reloaded before import = 0
Number of asset objects unloaded after import = 217
========================================================================
Received Import Request.
  Time since last request: 1.702831 seconds.
  path: Assets/Resources/Prefabs/BugPrefabs/Glowworm.prefab
  artifactKey: Guid(d9d96fd762c0e5d498542a2248f7a433) Importer(815301076,1909f56bfc062723c751e8b465ee728b)
Start importing Assets/Resources/Prefabs/BugPrefabs/Glowworm.prefab using Guid(d9d96fd762c0e5d498542a2248f7a433) Importer(815301076,1909f56bfc062723c751e8b465ee728b)  -> (artifact id: '60e05703abd2bd423cad3bae5d2ee323') in 0.065194 seconds
Number of updated asset objects reloaded before import = 0
Number of asset objects unloaded after import = 217
========================================================================
Received Import Request.
  Time since last request: 0.308548 seconds.
  path: Assets/Resources/Prefabs/BugPrefabs/Glowworm.prefab
  artifactKey: Guid(d9d96fd762c0e5d498542a2248f7a433) Importer(815301076,1909f56bfc062723c751e8b465ee728b)
Start importing Assets/Resources/Prefabs/BugPrefabs/Glowworm.prefab using Guid(d9d96fd762c0e5d498542a2248f7a433) Importer(815301076,1909f56bfc062723c751e8b465ee728b)  -> (artifact id: '2fefd70e467c51ef7ec1b1a1f76d60e9') in 0.060495 seconds
Number of updated asset objects reloaded before import = 0
Number of asset objects unloaded after import = 217
========================================================================
Received Import Request.
  Time since last request: 0.948704 seconds.
  path: Assets/Resources/Prefabs/BugPrefabs/Glowworm.prefab
  artifactKey: Guid(d9d96fd762c0e5d498542a2248f7a433) Importer(815301076,1909f56bfc062723c751e8b465ee728b)
Start importing Assets/Resources/Prefabs/BugPrefabs/Glowworm.prefab using Guid(d9d96fd762c0e5d498542a2248f7a433) Importer(815301076,1909f56bfc062723c751e8b465ee728b)  -> (artifact id: 'd455807337c6042f8ceb3b8f85258176') in 0.075846 seconds
Number of updated asset objects reloaded before import = 0
Number of asset objects unloaded after import = 217
========================================================================
Received Import Request.
  Time since last request: 0.926060 seconds.
  path: Assets/Resources/Prefabs/BugPrefabs/Glowworm.prefab
  artifactKey: Guid(d9d96fd762c0e5d498542a2248f7a433) Importer(815301076,1909f56bfc062723c751e8b465ee728b)
Start importing Assets/Resources/Prefabs/BugPrefabs/Glowworm.prefab using Guid(d9d96fd762c0e5d498542a2248f7a433) Importer(815301076,1909f56bfc062723c751e8b465ee728b)  -> (artifact id: '3f17380e91e99d17fb3bf3a277c8c4d5') in 0.062721 seconds
Number of updated asset objects reloaded before import = 0
Number of asset objects unloaded after import = 217
========================================================================
Received Import Request.
  Time since last request: 1.611451 seconds.
  path: Assets/Resources/Prefabs/BugPrefabs/Glowworm.prefab
  artifactKey: Guid(d9d96fd762c0e5d498542a2248f7a433) Importer(815301076,1909f56bfc062723c751e8b465ee728b)
Start importing Assets/Resources/Prefabs/BugPrefabs/Glowworm.prefab using Guid(d9d96fd762c0e5d498542a2248f7a433) Importer(815301076,1909f56bfc062723c751e8b465ee728b)  -> (artifact id: '70dffecf158d1a7ff8d6852ee0850279') in 0.060474 seconds
Number of updated asset objects reloaded before import = 0
Number of asset objects unloaded after import = 217
========================================================================
Received Import Request.
  Time since last request: 4.037523 seconds.
  path: Assets/Resources/Prefabs/BugPrefabs/Glowworm.prefab
  artifactKey: Guid(d9d96fd762c0e5d498542a2248f7a433) Importer(815301076,1909f56bfc062723c751e8b465ee728b)
Start importing Assets/Resources/Prefabs/BugPrefabs/Glowworm.prefab using Guid(d9d96fd762c0e5d498542a2248f7a433) Importer(815301076,1909f56bfc062723c751e8b465ee728b)  -> (artifact id: '0f9480a08031dcbf31d5186fa751028a') in 0.058622 seconds
Number of updated asset objects reloaded before import = 0
Number of asset objects unloaded after import = 217
========================================================================
Received Import Request.
  Time since last request: 3.489598 seconds.
  path: Assets/Resources/Prefabs/BugPrefabs/Glowworm.prefab
  artifactKey: Guid(d9d96fd762c0e5d498542a2248f7a433) Importer(815301076,1909f56bfc062723c751e8b465ee728b)
Start importing Assets/Resources/Prefabs/BugPrefabs/Glowworm.prefab using Guid(d9d96fd762c0e5d498542a2248f7a433) Importer(815301076,1909f56bfc062723c751e8b465ee728b)  -> (artifact id: '8f4d07dc8a11339e1161a102d14d4d82') in 0.061916 seconds
Number of updated asset objects reloaded before import = 0
Number of asset objects unloaded after import = 217
========================================================================
Received Import Request.
  Time since last request: 11.395281 seconds.
  path: Assets/Resources/Prefabs/BugPrefabs/Lightningbug.prefab
  artifactKey: Guid(ec2c3fe4259d1fb4094273d1371792a5) Importer(815301076,1909f56bfc062723c751e8b465ee728b)
Start importing Assets/Resources/Prefabs/BugPrefabs/Lightningbug.prefab using Guid(ec2c3fe4259d1fb4094273d1371792a5) Importer(815301076,1909f56bfc062723c751e8b465ee728b)  -> (artifact id: 'c6452a5d0fb664d3e993c8ffb39ab6d9') in 0.068359 seconds
Number of updated asset objects reloaded before import = 0
Number of asset objects unloaded after import = 205
========================================================================
Received Import Request.
  Time since last request: 2.394632 seconds.
  path: Assets/Resources/Prefabs/BugPrefabs/Lightningbug.prefab
  artifactKey: Guid(ec2c3fe4259d1fb4094273d1371792a5) Importer(815301076,1909f56bfc062723c751e8b465ee728b)
Start importing Assets/Resources/Prefabs/BugPrefabs/Lightningbug.prefab using Guid(ec2c3fe4259d1fb4094273d1371792a5) Importer(815301076,1909f56bfc062723c751e8b465ee728b)  -> (artifact id: '8dcc18ee6f50fdac161c376796f4b4a7') in 0.056191 seconds
Number of updated asset objects reloaded before import = 0
Number of asset objects unloaded after import = 205
========================================================================
Received Import Request.
  Time since last request: 1.949077 seconds.
  path: Assets/Resources/Prefabs/BugPrefabs/Lightningbug.prefab
  artifactKey: Guid(ec2c3fe4259d1fb4094273d1371792a5) Importer(815301076,1909f56bfc062723c751e8b465ee728b)
Start importing Assets/Resources/Prefabs/BugPrefabs/Lightningbug.prefab using Guid(ec2c3fe4259d1fb4094273d1371792a5) Importer(815301076,1909f56bfc062723c751e8b465ee728b)  -> (artifact id: '482d84f2936e8cc61adb9b4cf6389669') in 0.058862 seconds
Number of updated asset objects reloaded before import = 0
Number of asset objects unloaded after import = 205
========================================================================
Received Import Request.
  Time since last request: 1.341840 seconds.
  path: Assets/Resources/Prefabs/BugPrefabs/Lightningbug.prefab
  artifactKey: Guid(ec2c3fe4259d1fb4094273d1371792a5) Importer(815301076,1909f56bfc062723c751e8b465ee728b)
Start importing Assets/Resources/Prefabs/BugPrefabs/Lightningbug.prefab using Guid(ec2c3fe4259d1fb4094273d1371792a5) Importer(815301076,1909f56bfc062723c751e8b465ee728b)  -> (artifact id: '95ee483fd76e1acba83bdf32d8bbba33') in 0.054119 seconds
Number of updated asset objects reloaded before import = 0
Number of asset objects unloaded after import = 205
========================================================================
Received Import Request.
  Time since last request: 4.010310 seconds.
  path: Assets/Resources/Prefabs/BugPrefabs/Lightningbug.prefab
  artifactKey: Guid(ec2c3fe4259d1fb4094273d1371792a5) Importer(815301076,1909f56bfc062723c751e8b465ee728b)
Start importing Assets/Resources/Prefabs/BugPrefabs/Lightningbug.prefab using Guid(ec2c3fe4259d1fb4094273d1371792a5) Importer(815301076,1909f56bfc062723c751e8b465ee728b)  -> (artifact id: '2a19eb1a7362d02947a3bb9799807b6e') in 0.057457 seconds
Number of updated asset objects reloaded before import = 0
Number of asset objects unloaded after import = 205
========================================================================
Received Import Request.
  Time since last request: 2.186115 seconds.
  path: Assets/Resources/Prefabs/BugPrefabs/Lightningbug.prefab
  artifactKey: Guid(ec2c3fe4259d1fb4094273d1371792a5) Importer(815301076,1909f56bfc062723c751e8b465ee728b)
Start importing Assets/Resources/Prefabs/BugPrefabs/Lightningbug.prefab using Guid(ec2c3fe4259d1fb4094273d1371792a5) Importer(815301076,1909f56bfc062723c751e8b465ee728b)  -> (artifact id: '68e3d5ae94b55feb6dc72c1dca616506') in 0.066843 seconds
Number of updated asset objects reloaded before import = 0
Number of asset objects unloaded after import = 205
========================================================================
Received Prepare
Begin MonoManager ReloadAssembly
- Loaded All Assemblies, in  3.383 seconds
Refreshing native plugins compatible for Editor in 34.30 ms, found 4 plugins.
Native extension for WindowsStandalone target not found
Native extension for iOS target not found
[Package Manager] Server::EnsureServerProcessIsRunning -- launch failed, reason: Unity was launched with the -noUpm command-line argument
[Package Manager] UpmClient::Send -- Unable to send message (not connected to UPM process).
[Package Manager] Cannot connect to Unity Package Manager local server
Mono: successfully reloaded assembly
[Package Manager] Server::EnsureServerProcessIsRunning -- launch failed, reason: Unity was launched with the -noUpm command-line argument
[Package Manager] UpmClient::Send -- Unable to send message (not connected to UPM process).
[Package Manager] Cannot connect to Unity Package Manager local server
- Finished resetting the current domain, in  4.987 seconds
Domain Reload Profiling: 8370ms
	BeginReloadAssembly (889ms)
		ExecutionOrderSort (0ms)
		DisableScriptedObjects (45ms)
		BackupInstance (0ms)
		ReleaseScriptingObjects (0ms)
		CreateAndSetChildDomain (385ms)
	RebuildCommonClasses (48ms)
	RebuildNativeTypeToScriptingClass (13ms)
	initialDomainReloadingComplete (101ms)
	LoadAllAssembliesAndSetupDomain (2331ms)
		LoadAssemblies (2604ms)
		RebuildTransferFunctionScriptingTraits (0ms)
		AnalyzeDomain (98ms)
			TypeCache.Refresh (56ms)
				TypeCache.ScanAssembly (0ms)
			ScanForSourceGeneratedMonoScriptInfo (2ms)
			ResolveRequiredComponents (37ms)
	FinalizeReload (4989ms)
		ReleaseScriptCaches (0ms)
		RebuildScriptCaches (0ms)
		SetupLoadedEditorAssemblies (1023ms)
			LogAssemblyErrors (0ms)
			InitializePlatformSupportModulesInManaged (45ms)
			SetLoadedEditorAssemblies (13ms)
			RefreshPlugins (0ms)
			BeforeProcessingInitializeOnLoad (187ms)
			ProcessInitializeOnLoadAttributes (695ms)
			ProcessInitializeOnLoadMethodAttributes (71ms)
			AfterProcessingInitializeOnLoad (12ms)
			EditorAssembliesLoaded (1ms)
		ExecutionOrderSort2 (0ms)
		AwakeInstancesAfterBackupRestoration (21ms)
Refreshing native plugins compatible for Editor in 31.93 ms, found 4 plugins.
Preloading 0 native plugins for Editor in 0.00 ms.
Unloading 4895 Unused Serialized files (Serialized files now loaded: 0)
Unloading 54 unused Assets / (115.2 KB). Loaded Objects now: 5509.
Memory consumption went from 158.4 MB to 158.3 MB.
Total: 19.887400 ms (FindLiveObjects: 1.959400 ms CreateObjectMapping: 1.075600 ms MarkObjects: 16.221400 ms  DeleteObjects: 0.625800 ms)

Prepare: number of updated asset objects reloaded= 0
AssetImportParameters requested are different than current active one (requested -> active):
  custom:container-demuxer-ogg: 62fdf1f143b41e24485cea50d1cbac27 -> 
  custom:video-codec-MediaFoundation-h265: 746d11721c4dcdbdad8f713fa42b33f4 -> 
  custom:video-decoder-ogg-theora: a1e56fd34408186e4bbccfd4996cb3dc -> 
  custom:framework-win-MediaFoundation: 216162199b28c13a410421893ffa2e32 -> 
  custom:CustomObjectIndexerAttribute: 756ad292c208cfabdd7b50bc23989ffe -> 
  custom:container-demuxer-webm: 4f35f7cbe854078d1ac9338744f61a02 -> 
  custom:container-muxer-webm: aa71ff27fc2769a1b78a27578f13a17b -> 
  custom:video-decoder-webm-vp8: 9c59270c3fd7afecdb556c50c9e8de78 -> 
  custom:SearchIndexIgnoredProperties: e643bd26f0fe6173181afceb89e7c659 -> 
  custom:AudioImporter_EditorPlatform: d09bf68614088b80899f8185d706f6e7 -> 
  custom:video-encoder-webm-vp8: eb34c28f22e8b96e1ab97ce403110664 -> 
  custom:audio-decoder-ogg-vorbis: bf7c407c2cedff20999df2af8eb42d56 -> 
  custom:audio-encoder-webm-vorbis: bf7c407c2cedff20999df2af8eb42d56 -> 
========================================================================
Received Import Request.
  Time since last request: 106.934379 seconds.
  path: Assets/Resources/Prefabs/BugPrefabs/Firefly.prefab
  artifactKey: Guid(03076820da6758b41bed28411cd33a53) Importer(815301076,1909f56bfc062723c751e8b465ee728b)
Start importing Assets/Resources/Prefabs/BugPrefabs/Firefly.prefab using Guid(03076820da6758b41bed28411cd33a53) Importer(815301076,1909f56bfc062723c751e8b465ee728b)  -> (artifact id: '5a618873c8f702f4ae4ac204fc3cb0c2') in 0.252735 seconds
Number of updated asset objects reloaded before import = 0
Number of asset objects unloaded after import = 215
========================================================================
Received Import Request.
  Time since last request: 11.996340 seconds.
  path: Assets/Resources/Prefabs/BugPrefabs/Glowworm.prefab
  artifactKey: Guid(d9d96fd762c0e5d498542a2248f7a433) Importer(815301076,1909f56bfc062723c751e8b465ee728b)
Start importing Assets/Resources/Prefabs/BugPrefabs/Glowworm.prefab using Guid(d9d96fd762c0e5d498542a2248f7a433) Importer(815301076,1909f56bfc062723c751e8b465ee728b)  -> (artifact id: '7cf05cb4df07cb0fb963fb2c16d3bcab') in 0.088669 seconds
Number of updated asset objects reloaded before import = 0
Number of asset objects unloaded after import = 217
========================================================================
Received Import Request.
  Time since last request: 12.506075 seconds.
  path: Assets/Resources/Prefabs/BugPrefabs/Lightningbug.prefab
  artifactKey: Guid(ec2c3fe4259d1fb4094273d1371792a5) Importer(815301076,1909f56bfc062723c751e8b465ee728b)
Start importing Assets/Resources/Prefabs/BugPrefabs/Lightningbug.prefab using Guid(ec2c3fe4259d1fb4094273d1371792a5) Importer(815301076,1909f56bfc062723c751e8b465ee728b)  -> (artifact id: 'c9b73ce6a2f0e7ef05a30d11c6b6c08d') in 0.071583 seconds
Number of updated asset objects reloaded before import = 0
Number of asset objects unloaded after import = 205
========================================================================
Received Prepare
Begin MonoManager ReloadAssembly
- Loaded All Assemblies, in  2.201 seconds
Refreshing native plugins compatible for Editor in 32.89 ms, found 4 plugins.
Native extension for WindowsStandalone target not found
Native extension for iOS target not found
[Package Manager] Server::EnsureServerProcessIsRunning -- launch failed, reason: Unity was launched with the -noUpm command-line argument
[Package Manager] UpmClient::Send -- Unable to send message (not connected to UPM process).
[Package Manager] Cannot connect to Unity Package Manager local server
Mono: successfully reloaded assembly
[Package Manager] Server::EnsureServerProcessIsRunning -- launch failed, reason: Unity was launched with the -noUpm command-line argument
[Package Manager] UpmClient::Send -- Unable to send message (not connected to UPM process).
[Package Manager] Cannot connect to Unity Package Manager local server
- Finished resetting the current domain, in  3.605 seconds
Domain Reload Profiling: 5802ms
	BeginReloadAssembly (579ms)
		ExecutionOrderSort (0ms)
		DisableScriptedObjects (21ms)
		BackupInstance (0ms)
		ReleaseScriptingObjects (0ms)
		CreateAndSetChildDomain (239ms)
	RebuildCommonClasses (39ms)
	RebuildNativeTypeToScriptingClass (9ms)
	initialDomainReloadingComplete (47ms)
	LoadAllAssembliesAndSetupDomain (1522ms)
		LoadAssemblies (1716ms)
		RebuildTransferFunctionScriptingTraits (0ms)
		AnalyzeDomain (71ms)
			TypeCache.Refresh (30ms)
				TypeCache.ScanAssembly (0ms)
			ScanForSourceGeneratedMonoScriptInfo (4ms)
			ResolveRequiredComponents (33ms)
	FinalizeReload (3606ms)
		ReleaseScriptCaches (0ms)
		RebuildScriptCaches (0ms)
		SetupLoadedEditorAssemblies (1110ms)
			LogAssemblyErrors (0ms)
			InitializePlatformSupportModulesInManaged (60ms)
			SetLoadedEditorAssemblies (17ms)
			RefreshPlugins (0ms)
			BeforeProcessingInitializeOnLoad (213ms)
			ProcessInitializeOnLoadAttributes (752ms)
			ProcessInitializeOnLoadMethodAttributes (54ms)
			AfterProcessingInitializeOnLoad (14ms)
			EditorAssembliesLoaded (1ms)
		ExecutionOrderSort2 (0ms)
		AwakeInstancesAfterBackupRestoration (17ms)
Refreshing native plugins compatible for Editor in 29.60 ms, found 4 plugins.
Preloading 0 native plugins for Editor in 0.00 ms.
Unloading 4895 Unused Serialized files (Serialized files now loaded: 0)
Unloading 54 unused Assets / (115.1 KB). Loaded Objects now: 5525.
Memory consumption went from 158.4 MB to 158.3 MB.
Total: 21.516000 ms (FindLiveObjects: 2.704800 ms CreateObjectMapping: 1.965100 ms MarkObjects: 16.060900 ms  DeleteObjects: 0.781100 ms)

Prepare: number of updated asset objects reloaded= 0
AssetImportParameters requested are different than current active one (requested -> active):
  custom:container-demuxer-ogg: 62fdf1f143b41e24485cea50d1cbac27 -> 
  custom:video-codec-MediaFoundation-h265: 746d11721c4dcdbdad8f713fa42b33f4 -> 
  custom:video-decoder-ogg-theora: a1e56fd34408186e4bbccfd4996cb3dc -> 
  custom:framework-win-MediaFoundation: 216162199b28c13a410421893ffa2e32 -> 
  custom:CustomObjectIndexerAttribute: 756ad292c208cfabdd7b50bc23989ffe -> 
  custom:container-demuxer-webm: 4f35f7cbe854078d1ac9338744f61a02 -> 
  custom:container-muxer-webm: aa71ff27fc2769a1b78a27578f13a17b -> 
  custom:video-decoder-webm-vp8: 9c59270c3fd7afecdb556c50c9e8de78 -> 
  custom:SearchIndexIgnoredProperties: e643bd26f0fe6173181afceb89e7c659 -> 
  custom:AudioImporter_EditorPlatform: d09bf68614088b80899f8185d706f6e7 -> 
  custom:video-encoder-webm-vp8: eb34c28f22e8b96e1ab97ce403110664 -> 
  custom:audio-decoder-ogg-vorbis: bf7c407c2cedff20999df2af8eb42d56 -> 
  custom:audio-encoder-webm-vorbis: bf7c407c2cedff20999df2af8eb42d56 -> 
========================================================================
Received Import Request.
  Time since last request: 182.480142 seconds.
  path: Assets/Resources/Prefabs/BugPrefabs/Firefly.prefab
  artifactKey: Guid(03076820da6758b41bed28411cd33a53) Importer(815301076,1909f56bfc062723c751e8b465ee728b)
Start importing Assets/Resources/Prefabs/BugPrefabs/Firefly.prefab using Guid(03076820da6758b41bed28411cd33a53) Importer(815301076,1909f56bfc062723c751e8b465ee728b)  -> (artifact id: 'a973998a032e89d910bbc7134ca9644f') in 0.299018 seconds
Number of updated asset objects reloaded before import = 0
Number of asset objects unloaded after import = 215
========================================================================
Received Import Request.
  Time since last request: 11.920302 seconds.
  path: Assets/Resources/Sprites/TextSprites/1Count.gif
  artifactKey: Guid(3a35199b9860d22498c8335d62e237b4) Importer(815301076,1909f56bfc062723c751e8b465ee728b)
Start importing Assets/Resources/Sprites/TextSprites/1Count.gif using Guid(3a35199b9860d22498c8335d62e237b4) Importer(815301076,1909f56bfc062723c751e8b465ee728b)  -> (artifact id: 'e95e77857ff48821fd94d08772dc60f7') in 0.121366 seconds
Number of updated asset objects reloaded before import = 0
Number of asset objects unloaded after import = 3
========================================================================
Received Import Request.
  Time since last request: 0.000034 seconds.
  path: Assets/Resources/Sprites/ProjectileSprites/AcidShot.gif
  artifactKey: Guid(10adafd1ca90e43469928e5cdf7e7069) Importer(815301076,1909f56bfc062723c751e8b465ee728b)
Start importing Assets/Resources/Sprites/ProjectileSprites/AcidShot.gif using Guid(10adafd1ca90e43469928e5cdf7e7069) Importer(815301076,1909f56bfc062723c751e8b465ee728b)  -> (artifact id: '84fe349942fbc4819f8cd70aa29b2a24') in 0.039901 seconds
Number of updated asset objects reloaded before import = 0
Number of asset objects unloaded after import = 3
========================================================================
Received Import Request.
  Time since last request: 0.000043 seconds.
  path: Assets/Resources/Sprites/TextSprites/3Count.gif
  artifactKey: Guid(57f9a5300cfd32c4c95d3daf54767548) Importer(815301076,1909f56bfc062723c751e8b465ee728b)
Start importing Assets/Resources/Sprites/TextSprites/3Count.gif using Guid(57f9a5300cfd32c4c95d3daf54767548) Importer(815301076,1909f56bfc062723c751e8b465ee728b)  -> (artifact id: '103fa91ad18c4344f170e052e25ec58f') in 0.036991 seconds
Number of updated asset objects reloaded before import = 0
Number of asset objects unloaded after import = 3
========================================================================
Received Import Request.
  Time since last request: 32.578081 seconds.
  path: Assets/Resources/Prefabs/BugPrefabs/Firefly.prefab
  artifactKey: Guid(03076820da6758b41bed28411cd33a53) Importer(815301076,1909f56bfc062723c751e8b465ee728b)
Start importing Assets/Resources/Prefabs/BugPrefabs/Firefly.prefab using Guid(03076820da6758b41bed28411cd33a53) Importer(815301076,1909f56bfc062723c751e8b465ee728b)  -> (artifact id: '1da0936c25de80a18c60e629c72fa97e') in 0.065296 seconds
Number of updated asset objects reloaded before import = 0
Number of asset objects unloaded after import = 215
========================================================================
Received Import Request.
  Time since last request: 158.691488 seconds.
  path: Assets/Resources/Prefabs/BugPrefabs/Glowworm.prefab
  artifactKey: Guid(d9d96fd762c0e5d498542a2248f7a433) Importer(815301076,1909f56bfc062723c751e8b465ee728b)
Start importing Assets/Resources/Prefabs/BugPrefabs/Glowworm.prefab using Guid(d9d96fd762c0e5d498542a2248f7a433) Importer(815301076,1909f56bfc062723c751e8b465ee728b)  -> (artifact id: '319fbae2cbcbb87f5fe1a7228514763b') in 0.204005 seconds
Number of updated asset objects reloaded before import = 0
Number of asset objects unloaded after import = 217
========================================================================
Received Import Request.
  Time since last request: 111.187273 seconds.
  path: Assets/Resources/Prefabs/BugPrefabs/Lightningbug.prefab
  artifactKey: Guid(ec2c3fe4259d1fb4094273d1371792a5) Importer(815301076,1909f56bfc062723c751e8b465ee728b)
Start importing Assets/Resources/Prefabs/BugPrefabs/Lightningbug.prefab using Guid(ec2c3fe4259d1fb4094273d1371792a5) Importer(815301076,1909f56bfc062723c751e8b465ee728b)  -> (artifact id: 'bbdb016eddf3d34df879c53f419eae48') in 0.276411 seconds
Number of updated asset objects reloaded before import = 0
Number of asset objects unloaded after import = 205
========================================================================
Received Prepare
Begin MonoManager ReloadAssembly
- Loaded All Assemblies, in  4.535 seconds
Refreshing native plugins compatible for Editor in 28.24 ms, found 4 plugins.
Native extension for WindowsStandalone target not found
Native extension for iOS target not found
[Package Manager] Server::EnsureServerProcessIsRunning -- launch failed, reason: Unity was launched with the -noUpm command-line argument
[Package Manager] UpmClient::Send -- Unable to send message (not connected to UPM process).
[Package Manager] Cannot connect to Unity Package Manager local server
Mono: successfully reloaded assembly
[Package Manager] Server::EnsureServerProcessIsRunning -- launch failed, reason: Unity was launched with the -noUpm command-line argument
[Package Manager] UpmClient::Send -- Unable to send message (not connected to UPM process).
[Package Manager] Cannot connect to Unity Package Manager local server
- Finished resetting the current domain, in  5.689 seconds
Domain Reload Profiling: 10224ms
	BeginReloadAssembly (1096ms)
		ExecutionOrderSort (0ms)
		DisableScriptedObjects (103ms)
		BackupInstance (0ms)
		ReleaseScriptingObjects (1ms)
		CreateAndSetChildDomain (478ms)
	RebuildCommonClasses (71ms)
	RebuildNativeTypeToScriptingClass (15ms)
	initialDomainReloadingComplete (83ms)
	LoadAllAssembliesAndSetupDomain (3270ms)
		LoadAssemblies (3533ms)
		RebuildTransferFunctionScriptingTraits (0ms)
		AnalyzeDomain (100ms)
			TypeCache.Refresh (64ms)
				TypeCache.ScanAssembly (0ms)
			ScanForSourceGeneratedMonoScriptInfo (3ms)
			ResolveRequiredComponents (31ms)
	FinalizeReload (5690ms)
		ReleaseScriptCaches (0ms)
		RebuildScriptCaches (0ms)
		SetupLoadedEditorAssemblies (1028ms)
			LogAssemblyErrors (0ms)
			InitializePlatformSupportModulesInManaged (52ms)
			SetLoadedEditorAssemblies (15ms)
			RefreshPlugins (0ms)
			BeforeProcessingInitializeOnLoad (173ms)
			ProcessInitializeOnLoadAttributes (663ms)
			ProcessInitializeOnLoadMethodAttributes (113ms)
			AfterProcessingInitializeOnLoad (12ms)
			EditorAssembliesLoaded (2ms)
		ExecutionOrderSort2 (0ms)
		AwakeInstancesAfterBackupRestoration (24ms)
Refreshing native plugins compatible for Editor in 32.70 ms, found 4 plugins.
Preloading 0 native plugins for Editor in 0.00 ms.
Unloading 4895 Unused Serialized files (Serialized files now loaded: 0)
Unloading 54 unused Assets / (115.1 KB). Loaded Objects now: 5545.
Memory consumption went from 158.4 MB to 158.3 MB.
Total: 18.191900 ms (FindLiveObjects: 1.878200 ms CreateObjectMapping: 1.166000 ms MarkObjects: 12.709400 ms  DeleteObjects: 2.433900 ms)

Prepare: number of updated asset objects reloaded= 0
AssetImportParameters requested are different than current active one (requested -> active):
  custom:container-demuxer-ogg: 62fdf1f143b41e24485cea50d1cbac27 -> 
  custom:video-codec-MediaFoundation-h265: 746d11721c4dcdbdad8f713fa42b33f4 -> 
  custom:video-decoder-ogg-theora: a1e56fd34408186e4bbccfd4996cb3dc -> 
  custom:framework-win-MediaFoundation: 216162199b28c13a410421893ffa2e32 -> 
  custom:CustomObjectIndexerAttribute: 756ad292c208cfabdd7b50bc23989ffe -> 
  custom:container-demuxer-webm: 4f35f7cbe854078d1ac9338744f61a02 -> 
  custom:container-muxer-webm: aa71ff27fc2769a1b78a27578f13a17b -> 
  custom:video-decoder-webm-vp8: 9c59270c3fd7afecdb556c50c9e8de78 -> 
  custom:SearchIndexIgnoredProperties: e643bd26f0fe6173181afceb89e7c659 -> 
  custom:AudioImporter_EditorPlatform: d09bf68614088b80899f8185d706f6e7 -> 
  custom:video-encoder-webm-vp8: eb34c28f22e8b96e1ab97ce403110664 -> 
  custom:audio-decoder-ogg-vorbis: bf7c407c2cedff20999df2af8eb42d56 -> 
  custom:audio-encoder-webm-vorbis: bf7c407c2cedff20999df2af8eb42d56 -> 
========================================================================
Received Import Request.
  Time since last request: 35575.722816 seconds.
  path: Assets/Resources/Prefabs/BugPrefabs/Cricket.prefab
  artifactKey: Guid(c8bb15b81c0aaf04f8ca4f55fef3cf37) Importer(815301076,1909f56bfc062723c751e8b465ee728b)
Start importing Assets/Resources/Prefabs/BugPrefabs/Cricket.prefab using Guid(c8bb15b81c0aaf04f8ca4f55fef3cf37) Importer(815301076,1909f56bfc062723c751e8b465ee728b)  -> (artifact id: 'a67ff9c54bbf0cc46095894211bdc8e4') in 3.870398 seconds
Number of updated asset objects reloaded before import = 0
Number of asset objects unloaded after import = 157
========================================================================
Received Prepare
Begin MonoManager ReloadAssembly
- Loaded All Assemblies, in  7.136 seconds
Refreshing native plugins compatible for Editor in 31.40 ms, found 4 plugins.
Native extension for WindowsStandalone target not found
Native extension for iOS target not found
[Package Manager] Server::EnsureServerProcessIsRunning -- launch failed, reason: Unity was launched with the -noUpm command-line argument
[Package Manager] UpmClient::Send -- Unable to send message (not connected to UPM process).
[Package Manager] Cannot connect to Unity Package Manager local server
Mono: successfully reloaded assembly
[Package Manager] Server::EnsureServerProcessIsRunning -- launch failed, reason: Unity was launched with the -noUpm command-line argument
[Package Manager] UpmClient::Send -- Unable to send message (not connected to UPM process).
[Package Manager] Cannot connect to Unity Package Manager local server
- Finished resetting the current domain, in  6.506 seconds
Domain Reload Profiling: 13638ms
	BeginReloadAssembly (1958ms)
		ExecutionOrderSort (0ms)
		DisableScriptedObjects (223ms)
		BackupInstance (0ms)
		ReleaseScriptingObjects (1ms)
		CreateAndSetChildDomain (1104ms)
	RebuildCommonClasses (63ms)
	RebuildNativeTypeToScriptingClass (11ms)
	initialDomainReloadingComplete (103ms)
	LoadAllAssembliesAndSetupDomain (4997ms)
		LoadAssemblies (5229ms)
		RebuildTransferFunctionScriptingTraits (0ms)
		AnalyzeDomain (184ms)
			TypeCache.Refresh (96ms)
				TypeCache.ScanAssembly (3ms)
			ScanForSourceGeneratedMonoScriptInfo (60ms)
			ResolveRequiredComponents (26ms)
	FinalizeReload (6507ms)
		ReleaseScriptCaches (0ms)
		RebuildScriptCaches (0ms)
		SetupLoadedEditorAssemblies (761ms)
			LogAssemblyErrors (0ms)
			InitializePlatformSupportModulesInManaged (36ms)
			SetLoadedEditorAssemblies (8ms)
			RefreshPlugins (0ms)
			BeforeProcessingInitializeOnLoad (117ms)
			ProcessInitializeOnLoadAttributes (533ms)
			ProcessInitializeOnLoadMethodAttributes (53ms)
			AfterProcessingInitializeOnLoad (13ms)
			EditorAssembliesLoaded (1ms)
		ExecutionOrderSort2 (0ms)
		AwakeInstancesAfterBackupRestoration (15ms)
Refreshing native plugins compatible for Editor in 23.84 ms, found 4 plugins.
Preloading 0 native plugins for Editor in 0.00 ms.
Unloading 4895 Unused Serialized files (Serialized files now loaded: 0)
Unloading 52 unused Assets / (114.4 KB). Loaded Objects now: 5561.
Memory consumption went from 158.4 MB to 158.3 MB.
Total: 19.335700 ms (FindLiveObjects: 1.770800 ms CreateObjectMapping: 0.790800 ms MarkObjects: 16.370100 ms  DeleteObjects: 0.399900 ms)

Prepare: number of updated asset objects reloaded= 0
AssetImportParameters requested are different than current active one (requested -> active):
  custom:container-demuxer-ogg: 62fdf1f143b41e24485cea50d1cbac27 -> 
  custom:video-codec-MediaFoundation-h265: 746d11721c4dcdbdad8f713fa42b33f4 -> 
  custom:video-decoder-ogg-theora: a1e56fd34408186e4bbccfd4996cb3dc -> 
  custom:framework-win-MediaFoundation: 216162199b28c13a410421893ffa2e32 -> 
  custom:CustomObjectIndexerAttribute: 756ad292c208cfabdd7b50bc23989ffe -> 
  custom:container-demuxer-webm: 4f35f7cbe854078d1ac9338744f61a02 -> 
  custom:container-muxer-webm: aa71ff27fc2769a1b78a27578f13a17b -> 
  custom:video-decoder-webm-vp8: 9c59270c3fd7afecdb556c50c9e8de78 -> 
  custom:SearchIndexIgnoredProperties: e643bd26f0fe6173181afceb89e7c659 -> 
  custom:AudioImporter_EditorPlatform: d09bf68614088b80899f8185d706f6e7 -> 
  custom:video-encoder-webm-vp8: eb34c28f22e8b96e1ab97ce403110664 -> 
  custom:audio-decoder-ogg-vorbis: bf7c407c2cedff20999df2af8eb42d56 -> 
  custom:audio-encoder-webm-vorbis: bf7c407c2cedff20999df2af8eb42d56 -> 
========================================================================
Received Import Request.
  Time since last request: 44.560011 seconds.
  path: Assets/Resources/Prefabs/BugPrefabs/Locust.prefab
  artifactKey: Guid(86c90f5336a7fb141b4031bcf2fab46e) Importer(815301076,1909f56bfc062723c751e8b465ee728b)
Start importing Assets/Resources/Prefabs/BugPrefabs/Locust.prefab using Guid(86c90f5336a7fb141b4031bcf2fab46e) Importer(815301076,1909f56bfc062723c751e8b465ee728b)  -> (artifact id: '227b598e2ff32af76f4ac413b330f814') in 0.459031 seconds
Number of updated asset objects reloaded before import = 0
Number of asset objects unloaded after import = 157
========================================================================
Received Import Request.
  Time since last request: 0.000044 seconds.
  path: Assets/Resources/Prefabs/BugPrefabs/Lightningbug.prefab
  artifactKey: Guid(ec2c3fe4259d1fb4094273d1371792a5) Importer(815301076,1909f56bfc062723c751e8b465ee728b)
Start importing Assets/Resources/Prefabs/BugPrefabs/Lightningbug.prefab using Guid(ec2c3fe4259d1fb4094273d1371792a5) Importer(815301076,1909f56bfc062723c751e8b465ee728b)  -> (artifact id: 'bf54e01b420bcc0d1954c8ce328b2da4') in 0.472543 seconds
Number of updated asset objects reloaded before import = 0
Number of asset objects unloaded after import = 205
========================================================================
Received Import Request.
  Time since last request: 16.110309 seconds.
  path: Assets/Scripts/ProjectileScripts/SlimePuddle.cs
  artifactKey: Guid(85b30a6c695d1514cae267ae8bea18e2) Importer(815301076,1909f56bfc062723c751e8b465ee728b)
Start importing Assets/Scripts/ProjectileScripts/SlimePuddle.cs using Guid(85b30a6c695d1514cae267ae8bea18e2) Importer(815301076,1909f56bfc062723c751e8b465ee728b)  -> (artifact id: '25d8efb8d7183dd31d4aa13f77bd28de') in 0.001894 seconds
Number of updated asset objects reloaded before import = 0
Number of asset objects unloaded after import = 0
========================================================================
Received Import Request.
  Time since last request: 225.001565 seconds.
  path: Assets/Resources/Prefabs/ProjectilePrefabs/CricketKick.prefab
  artifactKey: Guid(ce6377235a5ad73499b3f4c260bd33a3) Importer(815301076,1909f56bfc062723c751e8b465ee728b)
Start importing Assets/Resources/Prefabs/ProjectilePrefabs/CricketKick.prefab using Guid(ce6377235a5ad73499b3f4c260bd33a3) Importer(815301076,1909f56bfc062723c751e8b465ee728b)  -> (artifact id: '89d4c44c0c9bb55702b03b1ce345f3c9') in 0.477290 seconds
Number of updated asset objects reloaded before import = 0
Number of asset objects unloaded after import = 22
========================================================================
Received Import Request.
  Time since last request: 0.000162 seconds.
  path: Assets/Resources/Prefabs/ProjectilePrefabs/FireExplosion.prefab
  artifactKey: Guid(eb4ec1e8c6bfc7b4ebb87fbb7b3577a6) Importer(815301076,1909f56bfc062723c751e8b465ee728b)
Start importing Assets/Resources/Prefabs/ProjectilePrefabs/FireExplosion.prefab using Guid(eb4ec1e8c6bfc7b4ebb87fbb7b3577a6) Importer(815301076,1909f56bfc062723c751e8b465ee728b)  -> (artifact id: '302dba7e4c009e7908a20241faa454ea') in 0.177512 seconds
Number of updated asset objects reloaded before import = 0
Number of asset objects unloaded after import = 47
========================================================================
Received Import Request.
  Time since last request: 0.000132 seconds.
  path: Assets/Resources/Prefabs/ProjectilePrefabs/LocustKick.prefab
  artifactKey: Guid(42565529539db4a49a5c3f564cf8ee84) Importer(815301076,1909f56bfc062723c751e8b465ee728b)
Start importing Assets/Resources/Prefabs/ProjectilePrefabs/LocustKick.prefab using Guid(42565529539db4a49a5c3f564cf8ee84) Importer(815301076,1909f56bfc062723c751e8b465ee728b)  -> (artifact id: '6817483f2d4babf0fd284e10441bdeec') in 0.050094 seconds
Number of updated asset objects reloaded before import = 0
Number of asset objects unloaded after import = 22
========================================================================
Received Import Request.
  Time since last request: 0.000066 seconds.
  path: Assets/Resources/Prefabs/ProjectilePrefabs/Lightningball.prefab
  artifactKey: Guid(9e49192e27d7dc14d8ed527388d06d84) Importer(815301076,1909f56bfc062723c751e8b465ee728b)
Start importing Assets/Resources/Prefabs/ProjectilePrefabs/Lightningball.prefab using Guid(9e49192e27d7dc14d8ed527388d06d84) Importer(815301076,1909f56bfc062723c751e8b465ee728b)  -> (artifact id: '497103777eb8edd4b1f49c3b00a4ff9e') in 0.119772 seconds
Number of updated asset objects reloaded before import = 0
Number of asset objects unloaded after import = 70
========================================================================
Received Import Request.
  Time since last request: 0.000051 seconds.
  path: Assets/Resources/Prefabs/ProjectilePrefabs/Glowball.prefab
  artifactKey: Guid(046056cbeae7ed84a90a952c69d8ef24) Importer(815301076,1909f56bfc062723c751e8b465ee728b)
Start importing Assets/Resources/Prefabs/ProjectilePrefabs/Glowball.prefab using Guid(046056cbeae7ed84a90a952c69d8ef24) Importer(815301076,1909f56bfc062723c751e8b465ee728b)  -> (artifact id: '4841e744cccbeaa6719d9976bebc08d9') in 0.129206 seconds
Number of updated asset objects reloaded before import = 0
Number of asset objects unloaded after import = 82
Editor requested this worker to shutdown with reason: Scaling down because of idle timeout
TcpMessagingSession - receive error: operation aborted. errorcode: 995, details: The I/O operation has been aborted because of either a thread exit or an application request.
AssetImportWorker is now disconnected from the server
Process exiting
Exiting without the bug reporter. Application will terminate with return code 0