Using pre-set license
Built from '2022.3/staging' branch; Version is '2022.3.10f1 (ff3792e53c62) revision 16725906'; Using compiler version '192829333'; Build Type 'Release'
OS: 'Windows 11  (10.0.22631) 64bit Core' Language: 'en' Physical Memory: 5996 MB
BatchMode: 1, IsHumanControllingUs: 0, StartBugReporterOnCrash: 0, Is64bit: 1, IsPro: 1

COMMAND LINE ARGUMENTS:
C:\Program Files\Unity 2022.3.10f1\Editor\Unity.exe
-adb2
-batchMode
-noUpm
-name
AssetImportWorker6
-projectPath
C:/Users/delad/OneDrive/ballbugs/BallBugs Alpha Ver1.0.1
-logFile
Logs/AssetImportWorker6.log
-srvPort
49967
Successfully changed project path to: C:/Users/delad/OneDrive/ballbugs/BallBugs Alpha Ver1.0.1
C:/Users/delad/OneDrive/ballbugs/BallBugs Alpha Ver1.0.1
[UnityMemory] Configuration Parameters - Can be set up in boot.config
    "memorysetup-bucket-allocator-granularity=16"
    "memorysetup-bucket-allocator-bucket-count=8"
    "memorysetup-bucket-allocator-block-size=33554432"
    "memorysetup-bucket-allocator-block-count=8"
    "memorysetup-main-allocator-block-size=16777216"
    "memorysetup-thread-allocator-block-size=16777216"
    "memorysetup-gfx-main-allocator-block-size=16777216"
    "memorysetup-gfx-thread-allocator-block-size=16777216"
    "memorysetup-cache-allocator-block-size=4194304"
    "memorysetup-typetree-allocator-block-size=2097152"
    "memorysetup-profiler-bucket-allocator-granularity=16"
    "memorysetup-profiler-bucket-allocator-bucket-count=8"
    "memorysetup-profiler-bucket-allocator-block-size=33554432"
    "memorysetup-profiler-bucket-allocator-block-count=8"
    "memorysetup-profiler-allocator-block-size=16777216"
    "memorysetup-profiler-editor-allocator-block-size=1048576"
    "memorysetup-temp-allocator-size-main=16777216"
    "memorysetup-job-temp-allocator-block-size=2097152"
    "memorysetup-job-temp-allocator-block-size-background=1048576"
    "memorysetup-job-temp-allocator-reduction-small-platforms=262144"
    "memorysetup-allocator-temp-initial-block-size-main=262144"
    "memorysetup-allocator-temp-initial-block-size-worker=262144"
    "memorysetup-temp-allocator-size-background-worker=32768"
    "memorysetup-temp-allocator-size-job-worker=262144"
    "memorysetup-temp-allocator-size-preload-manager=33554432"
    "memorysetup-temp-allocator-size-nav-mesh-worker=65536"
    "memorysetup-temp-allocator-size-audio-worker=65536"
    "memorysetup-temp-allocator-size-cloud-worker=32768"
    "memorysetup-temp-allocator-size-gi-baking-worker=262144"
    "memorysetup-temp-allocator-size-gfx=262144"
Player connection [34664] Host "[IP] 137.104.144.249 [Port] 0 [Flags] 2 [Guid] 1715697931 [EditorId] 1715697931 [Version] 1048832 [Id] WindowsEditor(7,deladom26) [Debug] 1 [PackageName] WindowsEditor [ProjectName] Editor" joined multi-casting on [225.0.0.222:54997]...

Player connection [34664] Host "[IP] 137.104.144.249 [Port] 0 [Flags] 2 [Guid] 1715697931 [EditorId] 1715697931 [Version] 1048832 [Id] WindowsEditor(7,deladom26) [Debug] 1 [PackageName] WindowsEditor [ProjectName] Editor" joined alternative multi-casting on [225.0.0.222:34997]...

[Physics::Module] Initialized MultithreadedJobDispatcher with 15 workers.
Refreshing native plugins compatible for Editor in 39.97 ms, found 4 plugins.
Preloading 0 native plugins for Editor in 0.00 ms.
Initialize engine version: 2022.3.10f1 (ff3792e53c62)
[Subsystems] Discovering subsystems at path C:/Program Files/Unity 2022.3.10f1/Editor/Data/Resources/UnitySubsystems
[Subsystems] Discovering subsystems at path C:/Users/delad/OneDrive/ballbugs/BallBugs Alpha Ver1.0.1/Assets
GfxDevice: creating device client; threaded=0; jobified=0
Direct3D:
    Version:  Direct3D 11.0 [level 11.1]
    Renderer: NVIDIA GeForce RTX 3050 Ti Laptop GPU (ID=0x25e0)
    Vendor:   NVIDIA
    VRAM:     3977 MB
    Driver:   31.0.15.4630
Initialize mono
Mono path[0] = 'C:/Program Files/Unity 2022.3.10f1/Editor/Data/Managed'
Mono path[1] = 'C:/Program Files/Unity 2022.3.10f1/Editor/Data/MonoBleedingEdge/lib/mono/unityjit-win32'
Mono config path = 'C:/Program Files/Unity 2022.3.10f1/Editor/Data/MonoBleedingEdge/etc'
Using monoOptions --debugger-agent=transport=dt_socket,embedding=1,server=y,suspend=n,address=127.0.0.1:56192
Begin MonoManager ReloadAssembly
Registering precompiled unity dll's ...
Register platform support module: C:/Program Files/Unity 2022.3.10f1/Editor/Data/PlaybackEngines/iOSSupport/UnityEditor.iOS.Extensions.dll
Register platform support module: C:/Program Files/Unity 2022.3.10f1/Editor/Data/PlaybackEngines/WindowsStandaloneSupport/UnityEditor.WindowsStandalone.Extensions.dll
Registered in 0.017585 seconds.
- Loaded All Assemblies, in  0.658 seconds
Native extension for WindowsStandalone target not found
[usbmuxd] Start listen thread
[usbmuxd] Listen thread started
[usbmuxd] Send listen message
Native extension for iOS target not found
Mono: successfully reloaded assembly
- Finished resetting the current domain, in  0.482 seconds
Domain Reload Profiling: 1138ms
	BeginReloadAssembly (240ms)
		ExecutionOrderSort (0ms)
		DisableScriptedObjects (0ms)
		BackupInstance (0ms)
		ReleaseScriptingObjects (0ms)
		CreateAndSetChildDomain (1ms)
	RebuildCommonClasses (47ms)
	RebuildNativeTypeToScriptingClass (10ms)
	initialDomainReloadingComplete (99ms)
	LoadAllAssembliesAndSetupDomain (258ms)
		LoadAssemblies (237ms)
		RebuildTransferFunctionScriptingTraits (0ms)
		AnalyzeDomain (252ms)
			TypeCache.Refresh (249ms)
				TypeCache.ScanAssembly (225ms)
			ScanForSourceGeneratedMonoScriptInfo (1ms)
			ResolveRequiredComponents (1ms)
	FinalizeReload (483ms)
		ReleaseScriptCaches (0ms)
		RebuildScriptCaches (0ms)
		SetupLoadedEditorAssemblies (388ms)
			LogAssemblyErrors (0ms)
			InitializePlatformSupportModulesInManaged (54ms)
			SetLoadedEditorAssemblies (12ms)
			RefreshPlugins (0ms)
			BeforeProcessingInitializeOnLoad (6ms)
			ProcessInitializeOnLoadAttributes (224ms)
			ProcessInitializeOnLoadMethodAttributes (91ms)
			AfterProcessingInitializeOnLoad (0ms)
			EditorAssembliesLoaded (0ms)
		ExecutionOrderSort2 (0ms)
		AwakeInstancesAfterBackupRestoration (0ms)
========================================================================
Worker process is ready to serve import requests
Begin MonoManager ReloadAssembly
- Loaded All Assemblies, in  1.249 seconds
Refreshing native plugins compatible for Editor in 24.11 ms, found 4 plugins.
Native extension for WindowsStandalone target not found
Native extension for iOS target not found
Package Manager log level set to [2]
[Package Manager] Server::EnsureServerProcessIsRunning -- launch failed, reason: Unity was launched with the -noUpm command-line argument
[Package Manager] UpmClient::Send -- Unable to send message (not connected to UPM process).
[Package Manager] Cannot connect to Unity Package Manager local server
Mono: successfully reloaded assembly
[Package Manager] Server::EnsureServerProcessIsRunning -- launch failed, reason: Unity was launched with the -noUpm command-line argument
[Package Manager] UpmClient::Send -- Unable to send message (not connected to UPM process).
[Package Manager] Cannot connect to Unity Package Manager local server
[Package Manager] Server::EnsureServerProcessIsRunning -- launch failed, reason: Unity was launched with the -noUpm command-line argument
[Package Manager] UpmClient::Send -- Unable to send message (not connected to UPM process).
[Package Manager] Cannot connect to Unity Package Manager local server
- Finished resetting the current domain, in  0.894 seconds
Domain Reload Profiling: 2134ms
	BeginReloadAssembly (234ms)
		ExecutionOrderSort (0ms)
		DisableScriptedObjects (5ms)
		BackupInstance (0ms)
		ReleaseScriptingObjects (0ms)
		CreateAndSetChildDomain (28ms)
	RebuildCommonClasses (33ms)
	RebuildNativeTypeToScriptingClass (9ms)
	initialDomainReloadingComplete (56ms)
	LoadAllAssembliesAndSetupDomain (907ms)
		LoadAssemblies (782ms)
		RebuildTransferFunctionScriptingTraits (0ms)
		AnalyzeDomain (284ms)
			TypeCache.Refresh (239ms)
				TypeCache.ScanAssembly (199ms)
			ScanForSourceGeneratedMonoScriptInfo (33ms)
			ResolveRequiredComponents (9ms)
	FinalizeReload (894ms)
		ReleaseScriptCaches (0ms)
		RebuildScriptCaches (0ms)
		SetupLoadedEditorAssemblies (678ms)
			LogAssemblyErrors (0ms)
			InitializePlatformSupportModulesInManaged (33ms)
			SetLoadedEditorAssemblies (8ms)
			RefreshPlugins (0ms)
			BeforeProcessingInitializeOnLoad (113ms)
			ProcessInitializeOnLoadAttributes (470ms)
			ProcessInitializeOnLoadMethodAttributes (42ms)
			AfterProcessingInitializeOnLoad (11ms)
			EditorAssembliesLoaded (0ms)
		ExecutionOrderSort2 (0ms)
		AwakeInstancesAfterBackupRestoration (6ms)
Launched and connected shader compiler UnityShaderCompiler.exe after 0.09 seconds
Refreshing native plugins compatible for Editor in 19.39 ms, found 4 plugins.
Preloading 0 native plugins for Editor in 0.00 ms.
Unloading 4921 Unused Serialized files (Serialized files now loaded: 0)
Unloading 97 unused Assets / (115.9 KB). Loaded Objects now: 5370.
Memory consumption went from 159.9 MB to 159.8 MB.
Total: 5.118000 ms (FindLiveObjects: 0.544800 ms CreateObjectMapping: 0.201200 ms MarkObjects: 4.215500 ms  DeleteObjects: 0.154700 ms)

AssetImportParameters requested are different than current active one (requested -> active):
  custom:container-demuxer-ogg: 62fdf1f143b41e24485cea50d1cbac27 -> 
  custom:video-codec-MediaFoundation-h265: 746d11721c4dcdbdad8f713fa42b33f4 -> 
  custom:video-decoder-ogg-theora: a1e56fd34408186e4bbccfd4996cb3dc -> 
  custom:framework-win-MediaFoundation: 216162199b28c13a410421893ffa2e32 -> 
  custom:CustomObjectIndexerAttribute: 756ad292c208cfabdd7b50bc23989ffe -> 
  custom:container-demuxer-webm: 4f35f7cbe854078d1ac9338744f61a02 -> 
  custom:container-muxer-webm: aa71ff27fc2769a1b78a27578f13a17b -> 
  custom:video-decoder-webm-vp8: 9c59270c3fd7afecdb556c50c9e8de78 -> 
  custom:SearchIndexIgnoredProperties: e643bd26f0fe6173181afceb89e7c659 -> 
  custom:AudioImporter_EditorPlatform: d09bf68614088b80899f8185d706f6e7 -> 
  custom:video-encoder-webm-vp8: eb34c28f22e8b96e1ab97ce403110664 -> 
  custom:audio-decoder-ogg-vorbis: bf7c407c2cedff20999df2af8eb42d56 -> 
  custom:audio-encoder-webm-vorbis: bf7c407c2cedff20999df2af8eb42d56 -> 
========================================================================
Received Import Request.
  Time since last request: 55956.350976 seconds.
  path: Assets/Resources/Sprites/ProjectileSprites/GlowballF11.gif
  artifactKey: Guid(aad7c6c4e879b214bba6664928e4b83c) Importer(815301076,1909f56bfc062723c751e8b465ee728b)
Start importing Assets/Resources/Sprites/ProjectileSprites/GlowballF11.gif using Guid(aad7c6c4e879b214bba6664928e4b83c) Importer(815301076,1909f56bfc062723c751e8b465ee728b)  -> (artifact id: 'b6548d270b7ef2feaa43240c821ae2c3') in 0.208212 seconds
Number of updated asset objects reloaded before import = 0
Number of asset objects unloaded after import = 3
========================================================================
Received Import Request.
  Time since last request: 0.000044 seconds.
  path: Assets/Resources/Sprites/ProjectileSprites/GlowExplosionF2.gif
  artifactKey: Guid(166e34fbe1a7ed54ea931083de042a72) Importer(815301076,1909f56bfc062723c751e8b465ee728b)
Start importing Assets/Resources/Sprites/ProjectileSprites/GlowExplosionF2.gif using Guid(166e34fbe1a7ed54ea931083de042a72) Importer(815301076,1909f56bfc062723c751e8b465ee728b)  -> (artifact id: 'c629e3c43cb2c07f2e03adbbcbd3b21c') in 0.036578 seconds
Number of updated asset objects reloaded before import = 0
Number of asset objects unloaded after import = 3
========================================================================
Received Import Request.
  Time since last request: 0.000065 seconds.
  path: Assets/Resources/Sprites/ProjectileSprites/GlowExplosionF9.gif
  artifactKey: Guid(a0497019ed6588f4f802380685f442e0) Importer(815301076,1909f56bfc062723c751e8b465ee728b)
Start importing Assets/Resources/Sprites/ProjectileSprites/GlowExplosionF9.gif using Guid(a0497019ed6588f4f802380685f442e0) Importer(815301076,1909f56bfc062723c751e8b465ee728b)  -> (artifact id: '266d1e92e3b76f76c580ae91d5797ad2') in 0.030580 seconds
Number of updated asset objects reloaded before import = 0
Number of asset objects unloaded after import = 3
========================================================================
Received Import Request.
  Time since last request: 0.000045 seconds.
  path: Assets/Resources/Sprites/ProjectileSprites/GoldWeb.gif
  artifactKey: Guid(6f40b6ff65dee934d9757a2cd47c5866) Importer(815301076,1909f56bfc062723c751e8b465ee728b)
Start importing Assets/Resources/Sprites/ProjectileSprites/GoldWeb.gif using Guid(6f40b6ff65dee934d9757a2cd47c5866) Importer(815301076,1909f56bfc062723c751e8b465ee728b)  -> (artifact id: '82ce1cb674a974431c476efc10807105') in 0.043524 seconds
Number of updated asset objects reloaded before import = 0
Number of asset objects unloaded after import = 3
========================================================================
Received Import Request.
  Time since last request: 0.000053 seconds.
  path: Assets/Resources/Sprites/ProjectileSprites/GlowExplosionF4.gif
  artifactKey: Guid(d98c6a1ba1439f7408532771c0c92f26) Importer(815301076,1909f56bfc062723c751e8b465ee728b)
Start importing Assets/Resources/Sprites/ProjectileSprites/GlowExplosionF4.gif using Guid(d98c6a1ba1439f7408532771c0c92f26) Importer(815301076,1909f56bfc062723c751e8b465ee728b)  -> (artifact id: 'a439ae10f0ff9620e879e0f919a48ad8') in 0.053153 seconds
Number of updated asset objects reloaded before import = 0
Number of asset objects unloaded after import = 3
========================================================================
Received Import Request.
  Time since last request: 0.000029 seconds.
  path: Assets/Resources/Sprites/ProjectileSprites/GlowExplosionF10.gif
  artifactKey: Guid(21c67009ec7ab63458c004cb13496042) Importer(815301076,1909f56bfc062723c751e8b465ee728b)
Start importing Assets/Resources/Sprites/ProjectileSprites/GlowExplosionF10.gif using Guid(21c67009ec7ab63458c004cb13496042) Importer(815301076,1909f56bfc062723c751e8b465ee728b)  -> (artifact id: '80a34a2bbdd0ea463cda3a73d80ce4d8') in 0.046232 seconds
Number of updated asset objects reloaded before import = 0
Number of asset objects unloaded after import = 3
========================================================================
Received Import Request.
  Time since last request: 0.000041 seconds.
  path: Assets/Resources/Sprites/ProjectileSprites/GlowExplosionF12.gif
  artifactKey: Guid(3052456499ed135459bd2e546021e267) Importer(815301076,1909f56bfc062723c751e8b465ee728b)
Start importing Assets/Resources/Sprites/ProjectileSprites/GlowExplosionF12.gif using Guid(3052456499ed135459bd2e546021e267) Importer(815301076,1909f56bfc062723c751e8b465ee728b)  -> (artifact id: '0fff24d8f6a2e93039fad28c3a8b01bf') in 0.045370 seconds
Number of updated asset objects reloaded before import = 0
Number of asset objects unloaded after import = 3
========================================================================
Received Import Request.
  Time since last request: 0.000063 seconds.
  path: Assets/Resources/Sprites/ProjectileSprites/GlowExplosionF8.gif
  artifactKey: Guid(37fd22b60b0cbf7498dde2eea660d357) Importer(815301076,1909f56bfc062723c751e8b465ee728b)
Start importing Assets/Resources/Sprites/ProjectileSprites/GlowExplosionF8.gif using Guid(37fd22b60b0cbf7498dde2eea660d357) Importer(815301076,1909f56bfc062723c751e8b465ee728b)  -> (artifact id: '2bc839ffec67a15e059c62b3abbfdccc') in 0.044238 seconds
Number of updated asset objects reloaded before import = 0
Number of asset objects unloaded after import = 3
========================================================================
Received Import Request.
  Time since last request: 0.000036 seconds.
  path: Assets/Resources/Sprites/ProjectileSprites/LadybirdHeart.gif
  artifactKey: Guid(dcdb54cbe78f1d84dbd84e4f0d776130) Importer(815301076,1909f56bfc062723c751e8b465ee728b)
Start importing Assets/Resources/Sprites/ProjectileSprites/LadybirdHeart.gif using Guid(dcdb54cbe78f1d84dbd84e4f0d776130) Importer(815301076,1909f56bfc062723c751e8b465ee728b)  -> (artifact id: '42b3f2f37d4fe4b26c1b6287c9f7a980') in 0.055143 seconds
Number of updated asset objects reloaded before import = 0
Number of asset objects unloaded after import = 3
========================================================================
Received Import Request.
  Time since last request: 0.000045 seconds.
  path: Assets/Resources/Sprites/ProjectileSprites/GlowExplosionF3.gif
  artifactKey: Guid(08f9061fb37533540a42854685fcae33) Importer(815301076,1909f56bfc062723c751e8b465ee728b)
Start importing Assets/Resources/Sprites/ProjectileSprites/GlowExplosionF3.gif using Guid(08f9061fb37533540a42854685fcae33) Importer(815301076,1909f56bfc062723c751e8b465ee728b)  -> (artifact id: '2729a05c35a3c186d69fe8326d1888ac') in 0.084191 seconds
Number of updated asset objects reloaded before import = 0
Number of asset objects unloaded after import = 3
========================================================================
Received Import Request.
  Time since last request: 0.000049 seconds.
  path: Assets/Resources/Sprites/ProjectileSprites/GrasshopperKick.gif
  artifactKey: Guid(c26720db3fe25a84eaf463d32924a9ac) Importer(815301076,1909f56bfc062723c751e8b465ee728b)
Start importing Assets/Resources/Sprites/ProjectileSprites/GrasshopperKick.gif using Guid(c26720db3fe25a84eaf463d32924a9ac) Importer(815301076,1909f56bfc062723c751e8b465ee728b)  -> (artifact id: '58edfa892a62d4d8736a53565ae3f223') in 0.061365 seconds
Number of updated asset objects reloaded before import = 0
Number of asset objects unloaded after import = 3
========================================================================
Received Import Request.
  Time since last request: 0.000030 seconds.
  path: Assets/Resources/Sprites/ProjectileSprites/GlowExplosionF5.gif
  artifactKey: Guid(d04ee657537c4ae45b6be2302d055db4) Importer(815301076,1909f56bfc062723c751e8b465ee728b)
Start importing Assets/Resources/Sprites/ProjectileSprites/GlowExplosionF5.gif using Guid(d04ee657537c4ae45b6be2302d055db4) Importer(815301076,1909f56bfc062723c751e8b465ee728b)  -> (artifact id: 'b86399b9df8aca4ad85a46480c6be210') in 0.042221 seconds
Number of updated asset objects reloaded before import = 0
Number of asset objects unloaded after import = 3
========================================================================
Received Import Request.
  Time since last request: 0.000104 seconds.
  path: Assets/Resources/Sprites/ProjectileSprites/GlowExplosionF13.gif
  artifactKey: Guid(72775f7ef47121842b95f8e2600240be) Importer(815301076,1909f56bfc062723c751e8b465ee728b)
Start importing Assets/Resources/Sprites/ProjectileSprites/GlowExplosionF13.gif using Guid(72775f7ef47121842b95f8e2600240be) Importer(815301076,1909f56bfc062723c751e8b465ee728b)  -> (artifact id: '984ac11a418e372ad99602a6a0df3fc3') in 0.056123 seconds
Number of updated asset objects reloaded before import = 0
Number of asset objects unloaded after import = 3
========================================================================
Received Import Request.
  Time since last request: 0.040444 seconds.
  path: Assets/Resources/Sprites/ProjectileSprites/LightningballF3.gif
  artifactKey: Guid(ff01e80dbceed62428d565d109130ddc) Importer(815301076,1909f56bfc062723c751e8b465ee728b)
Start importing Assets/Resources/Sprites/ProjectileSprites/LightningballF3.gif using Guid(ff01e80dbceed62428d565d109130ddc) Importer(815301076,1909f56bfc062723c751e8b465ee728b)  -> (artifact id: '2ffc63a756092ac4ba8f088a8aecbc3b') in 0.040717 seconds
Number of updated asset objects reloaded before import = 0
Number of asset objects unloaded after import = 3
========================================================================
Received Import Request.
  Time since last request: 0.000043 seconds.
  path: Assets/Resources/Sprites/ProjectileSprites/LightningballF5.gif
  artifactKey: Guid(71384506ccca76e489beb03d22f3dcda) Importer(815301076,1909f56bfc062723c751e8b465ee728b)
Start importing Assets/Resources/Sprites/ProjectileSprites/LightningballF5.gif using Guid(71384506ccca76e489beb03d22f3dcda) Importer(815301076,1909f56bfc062723c751e8b465ee728b)  -> (artifact id: 'c412faa3a66a64208173b321428ed6a9') in 0.041702 seconds
Number of updated asset objects reloaded before import = 0
Number of asset objects unloaded after import = 3
========================================================================
Received Import Request.
  Time since last request: 0.000056 seconds.
  path: Assets/Resources/Sprites/ProjectileSprites/LightningExplosionF2.gif
  artifactKey: Guid(5a71a8b3b0e434746aa0aa1b1159ab96) Importer(815301076,1909f56bfc062723c751e8b465ee728b)
Start importing Assets/Resources/Sprites/ProjectileSprites/LightningExplosionF2.gif using Guid(5a71a8b3b0e434746aa0aa1b1159ab96) Importer(815301076,1909f56bfc062723c751e8b465ee728b)  -> (artifact id: '9959fde5f68b970770a8a63fe9a036dd') in 0.045364 seconds
Number of updated asset objects reloaded before import = 0
Number of asset objects unloaded after import = 3
========================================================================
Received Import Request.
  Time since last request: 0.000048 seconds.
  path: Assets/Resources/Sprites/ProjectileSprites/LightningExplosionF4.gif
  artifactKey: Guid(9b8bffbb190a989449a4d3a7317e3ed6) Importer(815301076,1909f56bfc062723c751e8b465ee728b)
Start importing Assets/Resources/Sprites/ProjectileSprites/LightningExplosionF4.gif using Guid(9b8bffbb190a989449a4d3a7317e3ed6) Importer(815301076,1909f56bfc062723c751e8b465ee728b)  -> (artifact id: '946ec9615ac5919d0a5ee678b673f9ed') in 0.050488 seconds
Number of updated asset objects reloaded before import = 0
Number of asset objects unloaded after import = 3
========================================================================
Received Import Request.
  Time since last request: 0.000219 seconds.
  path: Assets/Resources/Sprites/ProjectileSprites/LightningExplosionF5.gif
  artifactKey: Guid(5eec43eb0f211a24b90e26dfd3141a9d) Importer(815301076,1909f56bfc062723c751e8b465ee728b)
Start importing Assets/Resources/Sprites/ProjectileSprites/LightningExplosionF5.gif using Guid(5eec43eb0f211a24b90e26dfd3141a9d) Importer(815301076,1909f56bfc062723c751e8b465ee728b)  -> (artifact id: '677cb2e785fdf45b74109dbbf99e44c1') in 0.062702 seconds
Number of updated asset objects reloaded before import = 0
Number of asset objects unloaded after import = 3
========================================================================
Received Import Request.
  Time since last request: 0.000041 seconds.
  path: Assets/Resources/Sprites/ProjectileSprites/LightningExplosionF8.gif
  artifactKey: Guid(20d6cde8ebdc75d4d8d07b0c9c1dc205) Importer(815301076,1909f56bfc062723c751e8b465ee728b)
Start importing Assets/Resources/Sprites/ProjectileSprites/LightningExplosionF8.gif using Guid(20d6cde8ebdc75d4d8d07b0c9c1dc205) Importer(815301076,1909f56bfc062723c751e8b465ee728b)  -> (artifact id: 'f8c19652f6d4391a14807766120e0c19') in 0.039368 seconds
Number of updated asset objects reloaded before import = 0
Number of asset objects unloaded after import = 3
========================================================================
Received Import Request.
  Time since last request: 0.000031 seconds.
  path: Assets/Resources/Sprites/ProjectileSprites/MilkSlimePuddleF1.gif
  artifactKey: Guid(1dd22b7c5d17d4f44b542702c5022cff) Importer(815301076,1909f56bfc062723c751e8b465ee728b)
Start importing Assets/Resources/Sprites/ProjectileSprites/MilkSlimePuddleF1.gif using Guid(1dd22b7c5d17d4f44b542702c5022cff) Importer(815301076,1909f56bfc062723c751e8b465ee728b)  -> (artifact id: 'c2bd68821ddf6ebfccc904258908e3d4') in 0.046707 seconds
Number of updated asset objects reloaded before import = 0
Number of asset objects unloaded after import = 3
========================================================================
Received Import Request.
  Time since last request: 0.000036 seconds.
  path: Assets/Resources/Sprites/ProjectileSprites/MilkSlimePuddleF5.gif
  artifactKey: Guid(5fc033d9ca05f6e489551a9027543be5) Importer(815301076,1909f56bfc062723c751e8b465ee728b)
Start importing Assets/Resources/Sprites/ProjectileSprites/MilkSlimePuddleF5.gif using Guid(5fc033d9ca05f6e489551a9027543be5) Importer(815301076,1909f56bfc062723c751e8b465ee728b)  -> (artifact id: '43aff94a91df8f60c187b99d36f25e69') in 0.047325 seconds
Number of updated asset objects reloaded before import = 0
Number of asset objects unloaded after import = 3
========================================================================
Received Import Request.
  Time since last request: 0.000051 seconds.
  path: Assets/Resources/Sprites/ProjectileSprites/MilkSlimePuddleF6.gif
  artifactKey: Guid(5fd38de75d6a6c34ba8379d7f2935d3f) Importer(815301076,1909f56bfc062723c751e8b465ee728b)
Start importing Assets/Resources/Sprites/ProjectileSprites/MilkSlimePuddleF6.gif using Guid(5fd38de75d6a6c34ba8379d7f2935d3f) Importer(815301076,1909f56bfc062723c751e8b465ee728b)  -> (artifact id: '36826f4e37697210f8843431c4701370') in 0.040875 seconds
Number of updated asset objects reloaded before import = 0
Number of asset objects unloaded after import = 3
========================================================================
Received Import Request.
  Time since last request: 0.000026 seconds.
  path: Assets/Resources/Sprites/ProjectileSprites/MilkSlimePuddleF10.gif
  artifactKey: Guid(dc0b5be46c0bb2749a212c6f5188c766) Importer(815301076,1909f56bfc062723c751e8b465ee728b)
Start importing Assets/Resources/Sprites/ProjectileSprites/MilkSlimePuddleF10.gif using Guid(dc0b5be46c0bb2749a212c6f5188c766) Importer(815301076,1909f56bfc062723c751e8b465ee728b)  -> (artifact id: '92307f4516dc18c52dcc3b5f753e92b7') in 0.037918 seconds
Number of updated asset objects reloaded before import = 0
Number of asset objects unloaded after import = 3
========================================================================
Received Import Request.
  Time since last request: 0.000042 seconds.
  path: Assets/Resources/Sprites/ProjectileSprites/Slimeball.gif
  artifactKey: Guid(74d4d979d878e3647937a105a3e6aaff) Importer(815301076,1909f56bfc062723c751e8b465ee728b)
Start importing Assets/Resources/Sprites/ProjectileSprites/Slimeball.gif using Guid(74d4d979d878e3647937a105a3e6aaff) Importer(815301076,1909f56bfc062723c751e8b465ee728b)  -> (artifact id: '7ffd90c2b125808c4686d460d54c4f5e') in 0.037510 seconds
Number of updated asset objects reloaded before import = 0
Number of asset objects unloaded after import = 3
========================================================================
Received Import Request.
  Time since last request: 0.000044 seconds.
  path: Assets/Resources/Sprites/ProjectileSprites/SlimePuddleF2.gif
  artifactKey: Guid(f050313b4bc29ca4ba925be511b17c00) Importer(815301076,1909f56bfc062723c751e8b465ee728b)
Start importing Assets/Resources/Sprites/ProjectileSprites/SlimePuddleF2.gif using Guid(f050313b4bc29ca4ba925be511b17c00) Importer(815301076,1909f56bfc062723c751e8b465ee728b)  -> (artifact id: '7c072ce9b82a35c4b4c523bf86b87a90') in 0.035172 seconds
Number of updated asset objects reloaded before import = 0
Number of asset objects unloaded after import = 3
========================================================================
Received Import Request.
  Time since last request: 0.000055 seconds.
  path: Assets/Resources/Sprites/ProjectileSprites/SlimePuddleF6.gif
  artifactKey: Guid(d6cf2398437f8d346a85a65bfad165ef) Importer(815301076,1909f56bfc062723c751e8b465ee728b)
Start importing Assets/Resources/Sprites/ProjectileSprites/SlimePuddleF6.gif using Guid(d6cf2398437f8d346a85a65bfad165ef) Importer(815301076,1909f56bfc062723c751e8b465ee728b)  -> (artifact id: '77055091c445e7041f0a094f0305cbcc') in 0.043469 seconds
Number of updated asset objects reloaded before import = 0
Number of asset objects unloaded after import = 3
========================================================================
Received Import Request.
  Time since last request: 0.002570 seconds.
  path: Assets/Resources/Sprites/ProjectileSprites/MilkSlimePuddleF2.gif
  artifactKey: Guid(c62d09494085cc24e8d8f139455e277e) Importer(815301076,1909f56bfc062723c751e8b465ee728b)
Start importing Assets/Resources/Sprites/ProjectileSprites/MilkSlimePuddleF2.gif using Guid(c62d09494085cc24e8d8f139455e277e) Importer(815301076,1909f56bfc062723c751e8b465ee728b)  -> (artifact id: '305751d875173a163eb733f9c434f0df') in 0.032868 seconds
Number of updated asset objects reloaded before import = 0
Number of asset objects unloaded after import = 3
========================================================================
Received Import Request.
  Time since last request: 0.000025 seconds.
  path: Assets/Resources/Sprites/ProjectileSprites/SlimePuddleF9.gif
  artifactKey: Guid(d4cc0327a5da8a048a444d8643302270) Importer(815301076,1909f56bfc062723c751e8b465ee728b)
Start importing Assets/Resources/Sprites/ProjectileSprites/SlimePuddleF9.gif using Guid(d4cc0327a5da8a048a444d8643302270) Importer(815301076,1909f56bfc062723c751e8b465ee728b)  -> (artifact id: '83c4b0c41450ba0298ad5a057ee7302a') in 0.030638 seconds
Number of updated asset objects reloaded before import = 0
Number of asset objects unloaded after import = 3
========================================================================
Received Import Request.
  Time since last request: 0.000034 seconds.
  path: Assets/Resources/Sprites/ProjectileSprites/SlimePuddleF11.gif
  artifactKey: Guid(70d57e83fd63316458edfb682a0c4d04) Importer(815301076,1909f56bfc062723c751e8b465ee728b)
Start importing Assets/Resources/Sprites/ProjectileSprites/SlimePuddleF11.gif using Guid(70d57e83fd63316458edfb682a0c4d04) Importer(815301076,1909f56bfc062723c751e8b465ee728b)  -> (artifact id: 'da942448e653afffc8e869f64b5fd661') in 0.038615 seconds
Number of updated asset objects reloaded before import = 0
Number of asset objects unloaded after import = 3
========================================================================
Received Import Request.
  Time since last request: 0.000035 seconds.
  path: Assets/Resources/Sprites/ProjectileSprites/SlimePuddleF13.gif
  artifactKey: Guid(cee620d864c24664d9880cab4b01ed27) Importer(815301076,1909f56bfc062723c751e8b465ee728b)
Start importing Assets/Resources/Sprites/ProjectileSprites/SlimePuddleF13.gif using Guid(cee620d864c24664d9880cab4b01ed27) Importer(815301076,1909f56bfc062723c751e8b465ee728b)  -> (artifact id: 'a8882d54ca4e6d4717b322f362e75337') in 0.037533 seconds
Number of updated asset objects reloaded before import = 0
Number of asset objects unloaded after import = 3
========================================================================
Received Import Request.
  Time since last request: 0.000032 seconds.
  path: Assets/Resources/Sprites/ProjectileSprites/WaterResistanceF2.gif
  artifactKey: Guid(8ca898d28edf0d7458d7c213dcf666d0) Importer(815301076,1909f56bfc062723c751e8b465ee728b)
Start importing Assets/Resources/Sprites/ProjectileSprites/WaterResistanceF2.gif using Guid(8ca898d28edf0d7458d7c213dcf666d0) Importer(815301076,1909f56bfc062723c751e8b465ee728b)  -> (artifact id: 'ff81ae1407a4eb7b1e7c234421f4bc87') in 0.055995 seconds
Number of updated asset objects reloaded before import = 0
Number of asset objects unloaded after import = 3
========================================================================
Received Import Request.
  Time since last request: 0.000066 seconds.
  path: Assets/Resources/Sprites/ProjectileSprites/WaterResistanceF1.gif
  artifactKey: Guid(697b523c6d294fc4a8aec2b0acde2fac) Importer(815301076,1909f56bfc062723c751e8b465ee728b)
Start importing Assets/Resources/Sprites/ProjectileSprites/WaterResistanceF1.gif using Guid(697b523c6d294fc4a8aec2b0acde2fac) Importer(815301076,1909f56bfc062723c751e8b465ee728b)  -> (artifact id: '4bf016b11fed5d1c8821bd06bcc95466') in 0.050649 seconds
Number of updated asset objects reloaded before import = 0
Number of asset objects unloaded after import = 3
========================================================================
Received Import Request.
  Time since last request: 0.000053 seconds.
  path: Assets/Resources/Sprites/ProjectileSprites/WaterResistanceF4.gif
  artifactKey: Guid(717e31e93c8200b45929081577e36299) Importer(815301076,1909f56bfc062723c751e8b465ee728b)
Start importing Assets/Resources/Sprites/ProjectileSprites/WaterResistanceF4.gif using Guid(717e31e93c8200b45929081577e36299) Importer(815301076,1909f56bfc062723c751e8b465ee728b)  -> (artifact id: 'ef159b1d79e63f6aafc613b1a0e50d75') in 0.047797 seconds
Number of updated asset objects reloaded before import = 0
Number of asset objects unloaded after import = 3
========================================================================
Received Import Request.
  Time since last request: 0.000071 seconds.
  path: Assets/Resources/Sprites/ProjectileSprites/WaterResistanceF5.gif
  artifactKey: Guid(17ba4a2786f7e6a42a22038f77dde46b) Importer(815301076,1909f56bfc062723c751e8b465ee728b)
Start importing Assets/Resources/Sprites/ProjectileSprites/WaterResistanceF5.gif using Guid(17ba4a2786f7e6a42a22038f77dde46b) Importer(815301076,1909f56bfc062723c751e8b465ee728b)  -> (artifact id: 'e984ddf5c4c7b95ccf56a8cba13b96eb') in 0.046832 seconds
Number of updated asset objects reloaded before import = 0
Number of asset objects unloaded after import = 3
========================================================================
Received Import Request.
  Time since last request: 0.000068 seconds.
  path: Assets/Resources/Sprites/ProjectileSprites/WaterResistanceF6.gif
  artifactKey: Guid(214fe8f9f1949784387221bca2aacdcf) Importer(815301076,1909f56bfc062723c751e8b465ee728b)
Start importing Assets/Resources/Sprites/ProjectileSprites/WaterResistanceF6.gif using Guid(214fe8f9f1949784387221bca2aacdcf) Importer(815301076,1909f56bfc062723c751e8b465ee728b)  -> (artifact id: 'b6ed819d695fe7de6d11ada53afec929') in 0.046155 seconds
Number of updated asset objects reloaded before import = 0
Number of asset objects unloaded after import = 3
========================================================================
Received Import Request.
  Time since last request: 0.000035 seconds.
  path: Assets/Resources/Sprites/ProjectileSprites/MilkSlimePuddleF9.gif
  artifactKey: Guid(82ebf7cd10f79f74c9adf02ab8612579) Importer(815301076,1909f56bfc062723c751e8b465ee728b)
Start importing Assets/Resources/Sprites/ProjectileSprites/MilkSlimePuddleF9.gif using Guid(82ebf7cd10f79f74c9adf02ab8612579) Importer(815301076,1909f56bfc062723c751e8b465ee728b)  -> (artifact id: '4e6393af09dafd583f4e5a6930ce95da') in 0.047380 seconds
Number of updated asset objects reloaded before import = 0
Number of asset objects unloaded after import = 3
========================================================================
Received Import Request.
  Time since last request: 0.000273 seconds.
  path: Assets/Resources/Sprites/ProjectileSprites/SlimePuddleF8.gif
  artifactKey: Guid(df99bb4d4196cc943b38b864e5031718) Importer(815301076,1909f56bfc062723c751e8b465ee728b)
Start importing Assets/Resources/Sprites/ProjectileSprites/SlimePuddleF8.gif using Guid(df99bb4d4196cc943b38b864e5031718) Importer(815301076,1909f56bfc062723c751e8b465ee728b)  -> (artifact id: '62e4f61defd7e372e1c887428235a332') in 0.058518 seconds
Number of updated asset objects reloaded before import = 0
Number of asset objects unloaded after import = 3
========================================================================
Received Import Request.
  Time since last request: 0.000037 seconds.
  path: Assets/Resources/Sprites/ProjectileSprites/MilkSlimePuddleF12.gif
  artifactKey: Guid(39028d684ea3ef0459cbe6b646cb2ddf) Importer(815301076,1909f56bfc062723c751e8b465ee728b)
Start importing Assets/Resources/Sprites/ProjectileSprites/MilkSlimePuddleF12.gif using Guid(39028d684ea3ef0459cbe6b646cb2ddf) Importer(815301076,1909f56bfc062723c751e8b465ee728b)  -> (artifact id: 'f4908e4acfed4e2dfcbbaa237990c085') in 0.056504 seconds
Number of updated asset objects reloaded before import = 0
Number of asset objects unloaded after import = 3
========================================================================
Received Import Request.
  Time since last request: 0.570772 seconds.
  path: Assets/Resources/Sprites/ProjectileSprites
  artifactKey: Guid(d9004ef0e2ca71f44b6b145c8a068417) Importer(815301076,1909f56bfc062723c751e8b465ee728b)
Start importing Assets/Resources/Sprites/ProjectileSprites using Guid(d9004ef0e2ca71f44b6b145c8a068417) Importer(815301076,1909f56bfc062723c751e8b465ee728b)  -> (artifact id: '3cc42274725453360f34a1d73fdb5fed') in 0.000903 seconds
Number of updated asset objects reloaded before import = 0
Number of asset objects unloaded after import = 0
========================================================================
Received Import Request.
  Time since last request: 10.026303 seconds.
  path: Assets/Resources/Sprites/ProjectileSprites/AirResistanceF2.gif
  artifactKey: Guid(241e1b3c141dbe54faa8d6ca4c9ca09f) Importer(815301076,1909f56bfc062723c751e8b465ee728b)
Start importing Assets/Resources/Sprites/ProjectileSprites/AirResistanceF2.gif using Guid(241e1b3c141dbe54faa8d6ca4c9ca09f) Importer(815301076,1909f56bfc062723c751e8b465ee728b)  -> (artifact id: 'ac757c063e46aa962f30ec4a707513bd') in 0.033429 seconds
Number of updated asset objects reloaded before import = 0
Number of asset objects unloaded after import = 3
========================================================================
Received Import Request.
  Time since last request: 0.000409 seconds.
  path: Assets/Resources/Sprites/ProjectileSprites/AirResistanceF5.gif
  artifactKey: Guid(7bf647acd330b7b4cb37367336236fe4) Importer(815301076,1909f56bfc062723c751e8b465ee728b)
Start importing Assets/Resources/Sprites/ProjectileSprites/AirResistanceF5.gif using Guid(7bf647acd330b7b4cb37367336236fe4) Importer(815301076,1909f56bfc062723c751e8b465ee728b)  -> (artifact id: 'e86fa86ba01ccaf7ff2860d2f001a729') in 0.042922 seconds
Number of updated asset objects reloaded before import = 0
Number of asset objects unloaded after import = 3
========================================================================
Received Import Request.
  Time since last request: 0.000369 seconds.
  path: Assets/Resources/Sprites/ProjectileSprites/BeeStinger.gif
  artifactKey: Guid(a42e438213387634a807d7f8185e22ff) Importer(815301076,1909f56bfc062723c751e8b465ee728b)
Start importing Assets/Resources/Sprites/ProjectileSprites/BeeStinger.gif using Guid(a42e438213387634a807d7f8185e22ff) Importer(815301076,1909f56bfc062723c751e8b465ee728b)  -> (artifact id: 'fdfeacfde508bcb4588ee2bc403777fd') in 0.039595 seconds
Number of updated asset objects reloaded before import = 0
Number of asset objects unloaded after import = 3
========================================================================
Received Import Request.
  Time since last request: 0.000049 seconds.
  path: Assets/Resources/Sprites/ProjectileSprites/FireballF1.gif
  artifactKey: Guid(9071f096f4c4ef5469ccf12e37e02f32) Importer(815301076,1909f56bfc062723c751e8b465ee728b)
Start importing Assets/Resources/Sprites/ProjectileSprites/FireballF1.gif using Guid(9071f096f4c4ef5469ccf12e37e02f32) Importer(815301076,1909f56bfc062723c751e8b465ee728b)  -> (artifact id: 'ea01eaeed7de6416bd50b91b6f105c71') in 0.038679 seconds
Number of updated asset objects reloaded before import = 0
Number of asset objects unloaded after import = 3
========================================================================
Received Import Request.
  Time since last request: 0.000035 seconds.
  path: Assets/Resources/Sprites/ProjectileSprites/FireballF7.gif
  artifactKey: Guid(0a2189018ddd00b40ad60c7d48cbc023) Importer(815301076,1909f56bfc062723c751e8b465ee728b)
Start importing Assets/Resources/Sprites/ProjectileSprites/FireballF7.gif using Guid(0a2189018ddd00b40ad60c7d48cbc023) Importer(815301076,1909f56bfc062723c751e8b465ee728b)  -> (artifact id: '3f56857ed9e4e74fb09d65ce21fe99bc') in 0.033293 seconds
Number of updated asset objects reloaded before import = 0
Number of asset objects unloaded after import = 3
========================================================================
Received Import Request.
  Time since last request: 0.000031 seconds.
  path: Assets/Resources/Sprites/ProjectileSprites/CricketKick.gif
  artifactKey: Guid(1a79e2745ecc2ce4a8f23c4ff8e0262b) Importer(815301076,1909f56bfc062723c751e8b465ee728b)
Start importing Assets/Resources/Sprites/ProjectileSprites/CricketKick.gif using Guid(1a79e2745ecc2ce4a8f23c4ff8e0262b) Importer(815301076,1909f56bfc062723c751e8b465ee728b)  -> (artifact id: '6445a3dbd4e25e037f7e7c119d617450') in 0.032219 seconds
Number of updated asset objects reloaded before import = 0
Number of asset objects unloaded after import = 3
========================================================================
Received Import Request.
  Time since last request: 0.000026 seconds.
  path: Assets/Resources/Sprites/ProjectileSprites/DragonflyWings.gif
  artifactKey: Guid(e6102987510f1404ea50502b495727a4) Importer(815301076,1909f56bfc062723c751e8b465ee728b)
Start importing Assets/Resources/Sprites/ProjectileSprites/DragonflyWings.gif using Guid(e6102987510f1404ea50502b495727a4) Importer(815301076,1909f56bfc062723c751e8b465ee728b)  -> (artifact id: 'f38ad2f824820ca20609f68759aaaa1c') in 0.039822 seconds
Number of updated asset objects reloaded before import = 0
Number of asset objects unloaded after import = 3
Editor requested this worker to shutdown with reason: Scaling down because of idle timeout
TcpMessagingSession - receive error: operation aborted. errorcode: 995, details: The I/O operation has been aborted because of either a thread exit or an application request.
AssetImportWorker is now disconnected from the server
Process exiting
Exiting without the bug reporter. Application will terminate with return code 0